#
# There is insufficient memory for the Java Runtime Environment to continue.
# Native memory allocation (mmap) failed to map 65536 bytes for Failed to commit metaspace.
# Possible reasons:
#   The system is out of physical RAM or swap space
#   The process is running with CompressedOops enabled, and the Java Heap may be blocking the growth of the native heap
# Possible solutions:
#   Reduce memory load on the system
#   Increase physical memory or swap space
#   Check if swap backing store is full
#   Decrease Java heap size (-Xmx/-Xms)
#   Decrease number of Java threads
#   Decrease Java thread stack sizes (-Xss)
#   Set larger code cache with -XX:ReservedCodeCacheSize=
#   JVM is running with Unscaled Compressed Oops mode in which the Java heap is
#     placed in the first 4GB address space. The Java Heap base address is the
#     maximum limit for the native heap growth. Please use -XX:HeapBaseMinAddress
#     to set the Java Heap base and to place the Java Heap above 4GB virtual address.
# This output file may be truncated or incomplete.
#
#  Out of Memory Error (virtualSpaceNode.cpp:110), pid=3612, tid=12784
#
# JRE version: Java(TM) SE Runtime Environment (19.0.2+7) (build 19.0.2+7-44)
# Java VM: Java HotSpot(TM) 64-Bit Server VM (19.0.2+7-44, mixed mode, sharing, tiered, compressed oops, compressed class ptrs, g1 gc, windows-amd64)
# No core dump will be written. Minidumps are not enabled by default on client versions of Windows
#

---------------  S U M M A R Y ------------

Command Line: -Dfile.encoding=UTF-8 -XX:+ShowCodeDetailsInExceptionMessages sel2jave.main

Host: Intel(R) Core(TM) i5-10300H CPU @ 2.50GHz, 8 cores, 7G,  Windows 11 , 64 bit Build 22621 (10.0.22621.1778)
Time: Fri Jul  7 03:50:50 2023 Eastern Daylight Time elapsed time: 1.153086 seconds (0d 0h 0m 1s)

---------------  T H R E A D  ---------------

Current thread (0x000001ecf70e5190):  JavaThread "main" [_thread_in_vm, id=12784, stack(0x000000a064200000,0x000000a064300000)]

Stack: [0x000000a064200000,0x000000a064300000]
Native frames: (J=compiled Java code, j=interpreted, Vv=VM code, C=native code)
V  [jvm.dll+0x6ee21a]
V  [jvm.dll+0x85765e]
V  [jvm.dll+0x85904e]
V  [jvm.dll+0x859703]
V  [jvm.dll+0x28298f]
V  [jvm.dll+0x8532db]
V  [jvm.dll+0x692cb6]
V  [jvm.dll+0x1f2937]
V  [jvm.dll+0x6956f2]
V  [jvm.dll+0x6954de]
V  [jvm.dll+0x6936de]
V  [jvm.dll+0x2801cc]
V  [jvm.dll+0x7432cd]
V  [jvm.dll+0x743ccf]
V  [jvm.dll+0x3c999e]
V  [jvm.dll+0x3c8b14]
V  [jvm.dll+0x3c8ab8]
V  [jvm.dll+0x3da29a]
C  0x000001ec8f3fd31d

Java frames: (J=compiled Java code, j=interpreted, Vv=VM code)
j  org.asynchttpclient.netty.request.NettyRequestSender.<init>(Lorg/asynchttpclient/AsyncHttpClientConfig;Lorg/asynchttpclient/netty/channel/ChannelManager;Lio/netty/util/Timer;Lorg/asynchttpclient/AsyncHttpClientState;)V+65
j  org.asynchttpclient.DefaultAsyncHttpClient.<init>(Lorg/asynchttpclient/AsyncHttpClientConfig;)V+120
j  org.asynchttpclient.Dsl.asyncHttpClient(Lorg/asynchttpclient/DefaultAsyncHttpClientConfig$Builder;)Lorg/asynchttpclient/AsyncHttpClient;+8
j  org.openqa.selenium.remote.http.netty.NettyClient.createHttpClient(Lorg/openqa/selenium/remote/http/ClientConfig;)Lorg/asynchttpclient/AsyncHttpClient;+106
j  org.openqa.selenium.remote.http.netty.NettyClient.<clinit>()V+3
v  ~StubRoutines::call_stub 0x000001ec8f3d100e
j  org.openqa.selenium.remote.http.netty.NettyClient$Factory.createClient(Lorg/openqa/selenium/remote/http/ClientConfig;)Lorg/openqa/selenium/remote/http/HttpClient;+38
j  org.openqa.selenium.remote.HttpCommandExecutor.<init>(Ljava/util/Map;Lorg/openqa/selenium/remote/http/ClientConfig;Lorg/openqa/selenium/remote/http/HttpClient$Factory;)V+59
j  org.openqa.selenium.remote.HttpCommandExecutor.<init>(Ljava/util/Map;Ljava/net/URL;Lorg/openqa/selenium/remote/http/HttpClient$Factory;)V+18
j  org.openqa.selenium.remote.HttpCommandExecutor.<init>(Ljava/util/Map;Ljava/net/URL;)V+22
j  org.openqa.selenium.remote.service.DriverCommandExecutor.<init>(Lorg/openqa/selenium/remote/service/DriverService;Ljava/util/Map;)V+6
j  org.openqa.selenium.chromium.ChromiumDriverCommandExecutor.<init>(Lorg/openqa/selenium/remote/service/DriverService;Ljava/util/Map;)V+6
j  org.openqa.selenium.chrome.ChromeDriver$ChromeDriverCommandExecutor.<init>(Lorg/openqa/selenium/remote/service/DriverService;)V+5
j  org.openqa.selenium.chrome.ChromeDriver.<init>(Lorg/openqa/selenium/chrome/ChromeDriverService;Lorg/openqa/selenium/chrome/ChromeOptions;)V+6
j  org.openqa.selenium.chrome.ChromeDriver.<init>()V+11
j  sel2jave.main.main([Ljava/lang/String;)V+12
v  ~StubRoutines::call_stub 0x000001ec8f3d100e

---------------  P R O C E S S  ---------------

Threads class SMR info:
_java_thread_list=0x000001ec9bffb4b0, length=15, elements={
0x000001ecf70e5190, 0x000001ec978ce680, 0x000001ec978cf1b0, 0x000001ec978d2fb0,
0x000001ec978d7a00, 0x000001ec978d8540, 0x000001ec978d9010, 0x000001ec978e0c50,
0x000001ec978e29e0, 0x000001ec978ee750, 0x000001ec9bcfbf50, 0x000001ec9bd00700,
0x000001ec9c2d0290, 0x000001ec9c298540, 0x000001ec9c1800b0
}

Java Threads: ( => current thread )
=>0x000001ecf70e5190 JavaThread "main" [_thread_in_vm, id=12784, stack(0x000000a064200000,0x000000a064300000)]
  0x000001ec978ce680 JavaThread "Reference Handler" daemon [_thread_blocked, id=2868, stack(0x000000a064900000,0x000000a064a00000)]
  0x000001ec978cf1b0 JavaThread "Finalizer" daemon [_thread_blocked, id=18040, stack(0x000000a064a00000,0x000000a064b00000)]
  0x000001ec978d2fb0 JavaThread "Signal Dispatcher" daemon [_thread_blocked, id=16016, stack(0x000000a064b00000,0x000000a064c00000)]
  0x000001ec978d7a00 JavaThread "Attach Listener" daemon [_thread_blocked, id=8828, stack(0x000000a064c00000,0x000000a064d00000)]
  0x000001ec978d8540 JavaThread "Service Thread" daemon [_thread_blocked, id=19300, stack(0x000000a064d00000,0x000000a064e00000)]
  0x000001ec978d9010 JavaThread "Monitor Deflation Thread" daemon [_thread_blocked, id=2640, stack(0x000000a064e00000,0x000000a064f00000)]
  0x000001ec978e0c50 JavaThread "C2 CompilerThread0" daemon [_thread_blocked, id=21560, stack(0x000000a064f00000,0x000000a065000000)]
  0x000001ec978e29e0 JavaThread "C1 CompilerThread0" daemon [_thread_blocked, id=5052, stack(0x000000a065000000,0x000000a065100000)]
  0x000001ec978ee750 JavaThread "Sweeper thread" daemon [_thread_blocked, id=5364, stack(0x000000a065100000,0x000000a065200000)]
  0x000001ec9bcfbf50 JavaThread "Notification Thread" daemon [_thread_blocked, id=25316, stack(0x000000a065200000,0x000000a065300000)]
  0x000001ec9bd00700 JavaThread "Common-Cleaner" daemon [_thread_blocked, id=8260, stack(0x000000a065400000,0x000000a065500000)]
  0x000001ec9c2d0290 JavaThread "ForkJoinPool.commonPool-worker-1" daemon [_thread_blocked, id=21020, stack(0x000000a065500000,0x000000a065600000)]
  0x000001ec9c298540 JavaThread "C2 CompilerThread1" daemon [_thread_in_native, id=21720, stack(0x000000a065600000,0x000000a065700000)]
  0x000001ec9c1800b0 JavaThread "AsyncHttpClient-1-1" daemon [_thread_blocked, id=22284, stack(0x000000a065700000,0x000000a065800000)]

Other Threads:
  0x000001ec978b4ea0 VMThread "VM Thread" [stack: 0x000000a064800000,0x000000a064900000] [id=27172]
  0x000001ec9bcfc8a0 WatcherThread "VM Periodic Task Thread" [stack: 0x000000a065300000,0x000000a065400000] [id=6448]
  0x000001ecf7143fb0 WorkerThread "GC Thread#0" [stack: 0x000000a064300000,0x000000a064400000] [id=1992]
  0x000001ec9cc7b090 WorkerThread "GC Thread#1" [stack: 0x000000a065800000,0x000000a065900000] [id=2272]
  0x000001ec9c4d78f0 WorkerThread "GC Thread#2" [stack: 0x000000a065900000,0x000000a065a00000] [id=24660]
  0x000001ec9cceca80 WorkerThread "GC Thread#3" [stack: 0x000000a065a00000,0x000000a065b00000] [id=1600]
  0x000001ec9ccecd50 WorkerThread "GC Thread#4" [stack: 0x000000a065b00000,0x000000a065c00000] [id=18340]
  0x000001ec9cced020 WorkerThread "GC Thread#5" [stack: 0x000000a065c00000,0x000000a065d00000] [id=17996]
  0x000001ec9cced2f0 WorkerThread "GC Thread#6" [stack: 0x000000a065d00000,0x000000a065e00000] [id=20504]
  0x000001ec9ccee1e0 WorkerThread "GC Thread#7" [stack: 0x000000a065e00000,0x000000a065f00000] [id=25768]
  0x000001ecf7154a10 ConcurrentGCThread "G1 Main Marker" [stack: 0x000000a064400000,0x000000a064500000] [id=9900]
  0x000001ecf71566f0 WorkerThread "G1 Conc#0" [stack: 0x000000a064500000,0x000000a064600000] [id=28132]
  0x000001ec9776d530 ConcurrentGCThread "G1 Refine#0" [stack: 0x000000a064600000,0x000000a064700000] [id=3908]
  0x000001ecf719e220 ConcurrentGCThread "G1 Service" [stack: 0x000000a064700000,0x000000a064800000] [id=18488]

Threads with active compile tasks:
C2 CompilerThread1     1168 1284 % !   4       java.util.concurrent.ConcurrentHashMap::transfer @ 96 (849 bytes)

VM state: not at safepoint (normal execution)

VM Mutex/Monitor currently owned by a thread:  ([mutex/lock_event])
[0x000001ecf70ddb30] Metaspace_lock - owner thread: 0x000001ecf70e5190

Heap address: 0x0000000082800000, size: 2008 MB, Compressed Oops mode: 32-bit

CDS archive(s) mapped at: [0x0000000800000000-0x0000000800c40000-0x0000000800c40000), size 12845056, SharedBaseAddress: 0x0000000800000000, ArchiveRelocationMode: 0.
Compressed class space mapped at: 0x0000000801000000-0x0000000841000000, reserved size: 1073741824
Narrow klass base: 0x0000000800000000, Narrow klass shift: 0, Narrow klass range: 0x100000000

GC Precious Log:
 CardTable entry size: 512
 Card Set container configuration: InlinePtr #cards 5 size 8 Array Of Cards #cards 12 size 40 Howl #buckets 4 coarsen threshold 1843 Howl Bitmap #cards 512 size 80 coarsen threshold 460 Card regions per heap region 1 cards per card region 2048
 CPUs: 8 total, 8 available
 Memory: 8029M
 Large Page Support: Disabled
 NUMA Support: Disabled
 Compressed Oops: Enabled (32-bit)
 Heap Region Size: 1M
 Heap Min Capacity: 8M
 Heap Initial Capacity: 126M
 Heap Max Capacity: 2008M
 Pre-touch: Disabled
 Parallel Workers: 8
 Concurrent Workers: 2
 Concurrent Refinement Workers: 8
 Periodic GC: Disabled

Heap:
 garbage-first heap   total 129024K, used 9749K [0x0000000082800000, 0x0000000100000000)
  region size 1024K, 8 young (8192K), 3 survivors (3072K)
 Metaspace       used 10986K, committed 11136K, reserved 1114112K
  class space    used 1192K, committed 1280K, reserved 1048576K

Heap Regions: E=young(eden), S=young(survivor), O=old, HS=humongous(starts), HC=humongous(continues), CS=collection set, F=free, OA=open archive, CA=closed archive, TAMS=top-at-mark-start (previous, next)
|   0|0x0000000082800000, 0x0000000082900000, 0x0000000082900000|100%| O|  |TAMS 0x0000000082800000, 0x0000000082800000| Untracked 
|   1|0x0000000082900000, 0x0000000082a00000, 0x0000000082a00000|100%| O|  |TAMS 0x0000000082900000, 0x0000000082900000| Untracked 
|   2|0x0000000082a00000, 0x0000000082a85600, 0x0000000082b00000| 52%| O|  |TAMS 0x0000000082a00000, 0x0000000082a00000| Untracked 
|   3|0x0000000082b00000, 0x0000000082b00000, 0x0000000082c00000|  0%| F|  |TAMS 0x0000000082b00000, 0x0000000082b00000| Untracked 
|   4|0x0000000082c00000, 0x0000000082c00000, 0x0000000082d00000|  0%| F|  |TAMS 0x0000000082c00000, 0x0000000082c00000| Untracked 
|   5|0x0000000082d00000, 0x0000000082d00000, 0x0000000082e00000|  0%| F|  |TAMS 0x0000000082d00000, 0x0000000082d00000| Untracked 
|   6|0x0000000082e00000, 0x0000000082e00000, 0x0000000082f00000|  0%| F|  |TAMS 0x0000000082e00000, 0x0000000082e00000| Untracked 
|   7|0x0000000082f00000, 0x0000000082f00000, 0x0000000083000000|  0%| F|  |TAMS 0x0000000082f00000, 0x0000000082f00000| Untracked 
|   8|0x0000000083000000, 0x0000000083000000, 0x0000000083100000|  0%| F|  |TAMS 0x0000000083000000, 0x0000000083000000| Untracked 
|   9|0x0000000083100000, 0x0000000083100000, 0x0000000083200000|  0%| F|  |TAMS 0x0000000083100000, 0x0000000083100000| Untracked 
|  10|0x0000000083200000, 0x0000000083200000, 0x0000000083300000|  0%| F|  |TAMS 0x0000000083200000, 0x0000000083200000| Untracked 
|  11|0x0000000083300000, 0x0000000083300000, 0x0000000083400000|  0%| F|  |TAMS 0x0000000083300000, 0x0000000083300000| Untracked 
|  12|0x0000000083400000, 0x0000000083400000, 0x0000000083500000|  0%| F|  |TAMS 0x0000000083400000, 0x0000000083400000| Untracked 
|  13|0x0000000083500000, 0x0000000083500000, 0x0000000083600000|  0%| F|  |TAMS 0x0000000083500000, 0x0000000083500000| Untracked 
|  14|0x0000000083600000, 0x0000000083600000, 0x0000000083700000|  0%| F|  |TAMS 0x0000000083600000, 0x0000000083600000| Untracked 
|  15|0x0000000083700000, 0x0000000083700000, 0x0000000083800000|  0%| F|  |TAMS 0x0000000083700000, 0x0000000083700000| Untracked 
|  16|0x0000000083800000, 0x0000000083800000, 0x0000000083900000|  0%| F|  |TAMS 0x0000000083800000, 0x0000000083800000| Untracked 
|  17|0x0000000083900000, 0x0000000083900000, 0x0000000083a00000|  0%| F|  |TAMS 0x0000000083900000, 0x0000000083900000| Untracked 
|  18|0x0000000083a00000, 0x0000000083a00000, 0x0000000083b00000|  0%| F|  |TAMS 0x0000000083a00000, 0x0000000083a00000| Untracked 
|  19|0x0000000083b00000, 0x0000000083b00000, 0x0000000083c00000|  0%| F|  |TAMS 0x0000000083b00000, 0x0000000083b00000| Untracked 
|  20|0x0000000083c00000, 0x0000000083c00000, 0x0000000083d00000|  0%| F|  |TAMS 0x0000000083c00000, 0x0000000083c00000| Untracked 
|  21|0x0000000083d00000, 0x0000000083d00000, 0x0000000083e00000|  0%| F|  |TAMS 0x0000000083d00000, 0x0000000083d00000| Untracked 
|  22|0x0000000083e00000, 0x0000000083e00000, 0x0000000083f00000|  0%| F|  |TAMS 0x0000000083e00000, 0x0000000083e00000| Untracked 
|  23|0x0000000083f00000, 0x0000000083f00000, 0x0000000084000000|  0%| F|  |TAMS 0x0000000083f00000, 0x0000000083f00000| Untracked 
|  24|0x0000000084000000, 0x0000000084000000, 0x0000000084100000|  0%| F|  |TAMS 0x0000000084000000, 0x0000000084000000| Untracked 
|  25|0x0000000084100000, 0x0000000084100000, 0x0000000084200000|  0%| F|  |TAMS 0x0000000084100000, 0x0000000084100000| Untracked 
|  26|0x0000000084200000, 0x0000000084200000, 0x0000000084300000|  0%| F|  |TAMS 0x0000000084200000, 0x0000000084200000| Untracked 
|  27|0x0000000084300000, 0x0000000084300000, 0x0000000084400000|  0%| F|  |TAMS 0x0000000084300000, 0x0000000084300000| Untracked 
|  28|0x0000000084400000, 0x0000000084400000, 0x0000000084500000|  0%| F|  |TAMS 0x0000000084400000, 0x0000000084400000| Untracked 
|  29|0x0000000084500000, 0x0000000084500000, 0x0000000084600000|  0%| F|  |TAMS 0x0000000084500000, 0x0000000084500000| Untracked 
|  30|0x0000000084600000, 0x0000000084600000, 0x0000000084700000|  0%| F|  |TAMS 0x0000000084600000, 0x0000000084600000| Untracked 
|  31|0x0000000084700000, 0x0000000084700000, 0x0000000084800000|  0%| F|  |TAMS 0x0000000084700000, 0x0000000084700000| Untracked 
|  32|0x0000000084800000, 0x0000000084800000, 0x0000000084900000|  0%| F|  |TAMS 0x0000000084800000, 0x0000000084800000| Untracked 
|  33|0x0000000084900000, 0x0000000084900000, 0x0000000084a00000|  0%| F|  |TAMS 0x0000000084900000, 0x0000000084900000| Untracked 
|  34|0x0000000084a00000, 0x0000000084a00000, 0x0000000084b00000|  0%| F|  |TAMS 0x0000000084a00000, 0x0000000084a00000| Untracked 
|  35|0x0000000084b00000, 0x0000000084b00000, 0x0000000084c00000|  0%| F|  |TAMS 0x0000000084b00000, 0x0000000084b00000| Untracked 
|  36|0x0000000084c00000, 0x0000000084c00000, 0x0000000084d00000|  0%| F|  |TAMS 0x0000000084c00000, 0x0000000084c00000| Untracked 
|  37|0x0000000084d00000, 0x0000000084d00000, 0x0000000084e00000|  0%| F|  |TAMS 0x0000000084d00000, 0x0000000084d00000| Untracked 
|  38|0x0000000084e00000, 0x0000000084e00000, 0x0000000084f00000|  0%| F|  |TAMS 0x0000000084e00000, 0x0000000084e00000| Untracked 
|  39|0x0000000084f00000, 0x0000000084f00000, 0x0000000085000000|  0%| F|  |TAMS 0x0000000084f00000, 0x0000000084f00000| Untracked 
|  40|0x0000000085000000, 0x0000000085000000, 0x0000000085100000|  0%| F|  |TAMS 0x0000000085000000, 0x0000000085000000| Untracked 
|  41|0x0000000085100000, 0x0000000085100000, 0x0000000085200000|  0%| F|  |TAMS 0x0000000085100000, 0x0000000085100000| Untracked 
|  42|0x0000000085200000, 0x0000000085200000, 0x0000000085300000|  0%| F|  |TAMS 0x0000000085200000, 0x0000000085200000| Untracked 
|  43|0x0000000085300000, 0x0000000085300000, 0x0000000085400000|  0%| F|  |TAMS 0x0000000085300000, 0x0000000085300000| Untracked 
|  44|0x0000000085400000, 0x0000000085400000, 0x0000000085500000|  0%| F|  |TAMS 0x0000000085400000, 0x0000000085400000| Untracked 
|  45|0x0000000085500000, 0x0000000085500000, 0x0000000085600000|  0%| F|  |TAMS 0x0000000085500000, 0x0000000085500000| Untracked 
|  46|0x0000000085600000, 0x0000000085600000, 0x0000000085700000|  0%| F|  |TAMS 0x0000000085600000, 0x0000000085600000| Untracked 
|  47|0x0000000085700000, 0x0000000085700000, 0x0000000085800000|  0%| F|  |TAMS 0x0000000085700000, 0x0000000085700000| Untracked 
|  48|0x0000000085800000, 0x0000000085800000, 0x0000000085900000|  0%| F|  |TAMS 0x0000000085800000, 0x0000000085800000| Untracked 
|  49|0x0000000085900000, 0x0000000085900000, 0x0000000085a00000|  0%| F|  |TAMS 0x0000000085900000, 0x0000000085900000| Untracked 
|  50|0x0000000085a00000, 0x0000000085a00000, 0x0000000085b00000|  0%| F|  |TAMS 0x0000000085a00000, 0x0000000085a00000| Untracked 
|  51|0x0000000085b00000, 0x0000000085b00000, 0x0000000085c00000|  0%| F|  |TAMS 0x0000000085b00000, 0x0000000085b00000| Untracked 
|  52|0x0000000085c00000, 0x0000000085c00000, 0x0000000085d00000|  0%| F|  |TAMS 0x0000000085c00000, 0x0000000085c00000| Untracked 
|  53|0x0000000085d00000, 0x0000000085d00000, 0x0000000085e00000|  0%| F|  |TAMS 0x0000000085d00000, 0x0000000085d00000| Untracked 
|  54|0x0000000085e00000, 0x0000000085e00000, 0x0000000085f00000|  0%| F|  |TAMS 0x0000000085e00000, 0x0000000085e00000| Untracked 
|  55|0x0000000085f00000, 0x0000000085f00000, 0x0000000086000000|  0%| F|  |TAMS 0x0000000085f00000, 0x0000000085f00000| Untracked 
|  56|0x0000000086000000, 0x0000000086000000, 0x0000000086100000|  0%| F|  |TAMS 0x0000000086000000, 0x0000000086000000| Untracked 
|  57|0x0000000086100000, 0x0000000086100000, 0x0000000086200000|  0%| F|  |TAMS 0x0000000086100000, 0x0000000086100000| Untracked 
|  58|0x0000000086200000, 0x0000000086200000, 0x0000000086300000|  0%| F|  |TAMS 0x0000000086200000, 0x0000000086200000| Untracked 
|  59|0x0000000086300000, 0x0000000086300000, 0x0000000086400000|  0%| F|  |TAMS 0x0000000086300000, 0x0000000086300000| Untracked 
|  60|0x0000000086400000, 0x0000000086400000, 0x0000000086500000|  0%| F|  |TAMS 0x0000000086400000, 0x0000000086400000| Untracked 
|  61|0x0000000086500000, 0x0000000086500000, 0x0000000086600000|  0%| F|  |TAMS 0x0000000086500000, 0x0000000086500000| Untracked 
|  62|0x0000000086600000, 0x0000000086600000, 0x0000000086700000|  0%| F|  |TAMS 0x0000000086600000, 0x0000000086600000| Untracked 
|  63|0x0000000086700000, 0x0000000086700000, 0x0000000086800000|  0%| F|  |TAMS 0x0000000086700000, 0x0000000086700000| Untracked 
|  64|0x0000000086800000, 0x0000000086800000, 0x0000000086900000|  0%| F|  |TAMS 0x0000000086800000, 0x0000000086800000| Untracked 
|  65|0x0000000086900000, 0x0000000086900000, 0x0000000086a00000|  0%| F|  |TAMS 0x0000000086900000, 0x0000000086900000| Untracked 
|  66|0x0000000086a00000, 0x0000000086a00000, 0x0000000086b00000|  0%| F|  |TAMS 0x0000000086a00000, 0x0000000086a00000| Untracked 
|  67|0x0000000086b00000, 0x0000000086b00000, 0x0000000086c00000|  0%| F|  |TAMS 0x0000000086b00000, 0x0000000086b00000| Untracked 
|  68|0x0000000086c00000, 0x0000000086c00000, 0x0000000086d00000|  0%| F|  |TAMS 0x0000000086c00000, 0x0000000086c00000| Untracked 
|  69|0x0000000086d00000, 0x0000000086d00000, 0x0000000086e00000|  0%| F|  |TAMS 0x0000000086d00000, 0x0000000086d00000| Untracked 
|  70|0x0000000086e00000, 0x0000000086e00000, 0x0000000086f00000|  0%| F|  |TAMS 0x0000000086e00000, 0x0000000086e00000| Untracked 
|  71|0x0000000086f00000, 0x0000000086f00000, 0x0000000087000000|  0%| F|  |TAMS 0x0000000086f00000, 0x0000000086f00000| Untracked 
|  72|0x0000000087000000, 0x0000000087000000, 0x0000000087100000|  0%| F|  |TAMS 0x0000000087000000, 0x0000000087000000| Untracked 
|  73|0x0000000087100000, 0x0000000087100000, 0x0000000087200000|  0%| F|  |TAMS 0x0000000087100000, 0x0000000087100000| Untracked 
|  74|0x0000000087200000, 0x0000000087200000, 0x0000000087300000|  0%| F|  |TAMS 0x0000000087200000, 0x0000000087200000| Untracked 
|  75|0x0000000087300000, 0x0000000087300000, 0x0000000087400000|  0%| F|  |TAMS 0x0000000087300000, 0x0000000087300000| Untracked 
|  76|0x0000000087400000, 0x0000000087400000, 0x0000000087500000|  0%| F|  |TAMS 0x0000000087400000, 0x0000000087400000| Untracked 
|  77|0x0000000087500000, 0x0000000087500000, 0x0000000087600000|  0%| F|  |TAMS 0x0000000087500000, 0x0000000087500000| Untracked 
|  78|0x0000000087600000, 0x0000000087600000, 0x0000000087700000|  0%| F|  |TAMS 0x0000000087600000, 0x0000000087600000| Untracked 
|  79|0x0000000087700000, 0x0000000087700000, 0x0000000087800000|  0%| F|  |TAMS 0x0000000087700000, 0x0000000087700000| Untracked 
|  80|0x0000000087800000, 0x0000000087800000, 0x0000000087900000|  0%| F|  |TAMS 0x0000000087800000, 0x0000000087800000| Untracked 
|  81|0x0000000087900000, 0x0000000087900000, 0x0000000087a00000|  0%| F|  |TAMS 0x0000000087900000, 0x0000000087900000| Untracked 
|  82|0x0000000087a00000, 0x0000000087a00000, 0x0000000087b00000|  0%| F|  |TAMS 0x0000000087a00000, 0x0000000087a00000| Untracked 
|  83|0x0000000087b00000, 0x0000000087b00000, 0x0000000087c00000|  0%| F|  |TAMS 0x0000000087b00000, 0x0000000087b00000| Untracked 
|  84|0x0000000087c00000, 0x0000000087c00000, 0x0000000087d00000|  0%| F|  |TAMS 0x0000000087c00000, 0x0000000087c00000| Untracked 
|  85|0x0000000087d00000, 0x0000000087d00000, 0x0000000087e00000|  0%| F|  |TAMS 0x0000000087d00000, 0x0000000087d00000| Untracked 
|  86|0x0000000087e00000, 0x0000000087e00000, 0x0000000087f00000|  0%| F|  |TAMS 0x0000000087e00000, 0x0000000087e00000| Untracked 
|  87|0x0000000087f00000, 0x0000000087f00000, 0x0000000088000000|  0%| F|  |TAMS 0x0000000087f00000, 0x0000000087f00000| Untracked 
|  88|0x0000000088000000, 0x0000000088000000, 0x0000000088100000|  0%| F|  |TAMS 0x0000000088000000, 0x0000000088000000| Untracked 
|  89|0x0000000088100000, 0x0000000088100000, 0x0000000088200000|  0%| F|  |TAMS 0x0000000088100000, 0x0000000088100000| Untracked 
|  90|0x0000000088200000, 0x0000000088200000, 0x0000000088300000|  0%| F|  |TAMS 0x0000000088200000, 0x0000000088200000| Untracked 
|  91|0x0000000088300000, 0x0000000088300000, 0x0000000088400000|  0%| F|  |TAMS 0x0000000088300000, 0x0000000088300000| Untracked 
|  92|0x0000000088400000, 0x0000000088400000, 0x0000000088500000|  0%| F|  |TAMS 0x0000000088400000, 0x0000000088400000| Untracked 
|  93|0x0000000088500000, 0x0000000088500000, 0x0000000088600000|  0%| F|  |TAMS 0x0000000088500000, 0x0000000088500000| Untracked 
|  94|0x0000000088600000, 0x0000000088600000, 0x0000000088700000|  0%| F|  |TAMS 0x0000000088600000, 0x0000000088600000| Untracked 
|  95|0x0000000088700000, 0x0000000088700000, 0x0000000088800000|  0%| F|  |TAMS 0x0000000088700000, 0x0000000088700000| Untracked 
|  96|0x0000000088800000, 0x0000000088800000, 0x0000000088900000|  0%| F|  |TAMS 0x0000000088800000, 0x0000000088800000| Untracked 
|  97|0x0000000088900000, 0x0000000088900000, 0x0000000088a00000|  0%| F|  |TAMS 0x0000000088900000, 0x0000000088900000| Untracked 
|  98|0x0000000088a00000, 0x0000000088a00000, 0x0000000088b00000|  0%| F|  |TAMS 0x0000000088a00000, 0x0000000088a00000| Untracked 
|  99|0x0000000088b00000, 0x0000000088b00000, 0x0000000088c00000|  0%| F|  |TAMS 0x0000000088b00000, 0x0000000088b00000| Untracked 
| 100|0x0000000088c00000, 0x0000000088d00000, 0x0000000088d00000|100%| S|CS|TAMS 0x0000000088c00000, 0x0000000088c00000| Complete 
| 101|0x0000000088d00000, 0x0000000088e00000, 0x0000000088e00000|100%| S|CS|TAMS 0x0000000088d00000, 0x0000000088d00000| Complete 
| 102|0x0000000088e00000, 0x0000000088f00000, 0x0000000088f00000|100%| S|CS|TAMS 0x0000000088e00000, 0x0000000088e00000| Complete 
| 103|0x0000000088f00000, 0x0000000088f00000, 0x0000000089000000|  0%| F|  |TAMS 0x0000000088f00000, 0x0000000088f00000| Untracked 
| 104|0x0000000089000000, 0x0000000089000000, 0x0000000089100000|  0%| F|  |TAMS 0x0000000089000000, 0x0000000089000000| Untracked 
| 105|0x0000000089100000, 0x0000000089100000, 0x0000000089200000|  0%| F|  |TAMS 0x0000000089100000, 0x0000000089100000| Untracked 
| 106|0x0000000089200000, 0x0000000089200000, 0x0000000089300000|  0%| F|  |TAMS 0x0000000089200000, 0x0000000089200000| Untracked 
| 107|0x0000000089300000, 0x0000000089300000, 0x0000000089400000|  0%| F|  |TAMS 0x0000000089300000, 0x0000000089300000| Untracked 
| 108|0x0000000089400000, 0x0000000089400000, 0x0000000089500000|  0%| F|  |TAMS 0x0000000089400000, 0x0000000089400000| Untracked 
| 109|0x0000000089500000, 0x0000000089500000, 0x0000000089600000|  0%| F|  |TAMS 0x0000000089500000, 0x0000000089500000| Untracked 
| 110|0x0000000089600000, 0x0000000089600000, 0x0000000089700000|  0%| F|  |TAMS 0x0000000089600000, 0x0000000089600000| Untracked 
| 111|0x0000000089700000, 0x0000000089700000, 0x0000000089800000|  0%| F|  |TAMS 0x0000000089700000, 0x0000000089700000| Untracked 
| 112|0x0000000089800000, 0x0000000089800000, 0x0000000089900000|  0%| F|  |TAMS 0x0000000089800000, 0x0000000089800000| Untracked 
| 113|0x0000000089900000, 0x0000000089900000, 0x0000000089a00000|  0%| F|  |TAMS 0x0000000089900000, 0x0000000089900000| Untracked 
| 114|0x0000000089a00000, 0x0000000089a00000, 0x0000000089b00000|  0%| F|  |TAMS 0x0000000089a00000, 0x0000000089a00000| Untracked 
| 115|0x0000000089b00000, 0x0000000089b00000, 0x0000000089c00000|  0%| F|  |TAMS 0x0000000089b00000, 0x0000000089b00000| Untracked 
| 116|0x0000000089c00000, 0x0000000089c00000, 0x0000000089d00000|  0%| F|  |TAMS 0x0000000089c00000, 0x0000000089c00000| Untracked 
| 117|0x0000000089d00000, 0x0000000089d00000, 0x0000000089e00000|  0%| F|  |TAMS 0x0000000089d00000, 0x0000000089d00000| Untracked 
| 118|0x0000000089e00000, 0x0000000089e00000, 0x0000000089f00000|  0%| F|  |TAMS 0x0000000089e00000, 0x0000000089e00000| Untracked 
| 119|0x0000000089f00000, 0x0000000089f00000, 0x000000008a000000|  0%| F|  |TAMS 0x0000000089f00000, 0x0000000089f00000| Untracked 
| 120|0x000000008a000000, 0x000000008a000000, 0x000000008a100000|  0%| F|  |TAMS 0x000000008a000000, 0x000000008a000000| Untracked 
| 121|0x000000008a100000, 0x000000008a163280, 0x000000008a200000| 38%| E|  |TAMS 0x000000008a100000, 0x000000008a100000| Complete 
| 122|0x000000008a200000, 0x000000008a300000, 0x000000008a300000|100%| E|CS|TAMS 0x000000008a200000, 0x000000008a200000| Complete 
| 123|0x000000008a300000, 0x000000008a400000, 0x000000008a400000|100%| E|CS|TAMS 0x000000008a300000, 0x000000008a300000| Complete 
| 124|0x000000008a400000, 0x000000008a500000, 0x000000008a500000|100%| E|CS|TAMS 0x000000008a400000, 0x000000008a400000| Complete 
| 125|0x000000008a500000, 0x000000008a600000, 0x000000008a600000|100%| E|CS|TAMS 0x000000008a500000, 0x000000008a500000| Complete 

Card table byte_map: [0x000001ecf97d0000,0x000001ecf9bc0000] _byte_map_base: 0x000001ecf93bc000

Marking Bits (Prev, Next): (CMBitMap*) 0x000001ecf71445e0, (CMBitMap*) 0x000001ecf7144620
 Prev Bits: [0x000001ecf9fb0000, 0x000001ecfbf10000)
 Next Bits: [0x000001ecfbf10000, 0x000001ecfde70000)

Polling page: 0x000001ecf8950000

Metaspace:

Usage:
  Non-class:      9.56 MB used.
      Class:      1.16 MB used.
       Both:     10.73 MB used.

Virtual space:
  Non-class space:       64.00 MB reserved,       9.62 MB ( 15%) committed,  1 nodes.
      Class space:        1.00 GB reserved,       1.25 MB ( <1%) committed,  1 nodes.
             Both:        1.06 GB reserved,      10.88 MB ( <1%) committed. 

Chunk freelists:
   Non-Class:  1.73 MB
       Class:  2.56 MB
        Both:  4.30 MB

MaxMetaspaceSize: unlimited
CompressedClassSpaceSize: 1.00 GB
Initial GC threshold: 21.00 MB
Current GC threshold: 21.00 MB
CDS: on
MetaspaceReclaimPolicy: balanced
 - commit_granule_bytes: 65536.
 - commit_granule_words: 8192.
 - virtual_space_node_default_size: 8388608.
 - enlarge_chunks_in_place: 1.
 - new_chunks_are_fully_committed: 0.
 - uncommit_free_chunks: 1.
 - use_allocation_guard: 0.


Internal statistics:

num_allocs_failed_limit: 0.
num_arena_births: 58.
num_arena_deaths: 0.
num_vsnodes_births: 2.
num_vsnodes_deaths: 0.
num_space_committed: 174.
num_space_uncommitted: 0.
num_chunks_returned_to_freelist: 0.
num_chunks_taken_from_freelist: 234.
num_chunk_merges: 0.
num_chunk_splits: 173.
num_chunks_enlarged: 151.
num_inconsistent_stats: 0.

CodeHeap 'non-profiled nmethods': size=120000Kb used=407Kb max_used=407Kb free=119592Kb
 bounds [0x000001ec8f970000, 0x000001ec8fbe0000, 0x000001ec96ea0000]
CodeHeap 'profiled nmethods': size=120000Kb used=2294Kb max_used=2294Kb free=117705Kb
 bounds [0x000001ec87ea0000, 0x000001ec88110000, 0x000001ec8f3d0000]
CodeHeap 'non-nmethods': size=5760Kb used=1309Kb max_used=1324Kb free=4450Kb
 bounds [0x000001ec8f3d0000, 0x000001ec8f640000, 0x000001ec8f970000]
 total_blobs=1812 nmethods=1283 adapters=440
 compilation: enabled
              stopped_count=0, restarted_count=0
 full_count=0

Compilation events (20 events):
Event: 1.138 Thread 0x000001ec9c298540 1278       4       io.netty.buffer.SizeClasses::calculateSize (8 bytes)
Event: 1.138 Thread 0x000001ec978e29e0 nmethod 1274 0x000001ec880da890 code [0x000001ec880daa40, 0x000001ec880dacf8]
Event: 1.138 Thread 0x000001ec978e29e0 1275       3       io.netty.buffer.SizeClasses::alignSizeIfNeeded (26 bytes)
Event: 1.138 Thread 0x000001ec978e29e0 nmethod 1275 0x000001ec880dae90 code [0x000001ec880db040, 0x000001ec880db1f8]
Event: 1.138 Thread 0x000001ec978e29e0 1277       3       io.netty.buffer.PoolThreadCache::log2 (8 bytes)
Event: 1.138 Thread 0x000001ec9c298540 nmethod 1278 0x000001ec8f9d5190 code [0x000001ec8f9d5300, 0x000001ec8f9d5378]
Event: 1.138 Thread 0x000001ec978e29e0 nmethod 1277 0x000001ec880db290 code [0x000001ec880db440, 0x000001ec880db568]
Event: 1.138 Thread 0x000001ec978e29e0 1276       3       io.netty.buffer.SizeClasses::newSizeClass (185 bytes)
Event: 1.138 Thread 0x000001ec9c298540 1281       4       java.util.ArrayList::add (25 bytes)
Event: 1.138 Thread 0x000001ec978e29e0 nmethod 1276 0x000001ec880db610 code [0x000001ec880db7e0, 0x000001ec880dbe48]
Event: 1.138 Thread 0x000001ec978e29e0 1279       3       io.netty.buffer.PoolArena::newSubpagePoolHead (20 bytes)
Event: 1.139 Thread 0x000001ec978e29e0 nmethod 1279 0x000001ec880dc010 code [0x000001ec880dc1c0, 0x000001ec880dc428]
Event: 1.139 Thread 0x000001ec978e29e0 1280       3       io.netty.buffer.PoolSubpage::<init> (46 bytes)
Event: 1.139 Thread 0x000001ec978e29e0 nmethod 1280 0x000001ec880dc510 code [0x000001ec880dc700, 0x000001ec880dccf8]
Event: 1.140 Thread 0x000001ec978e0c50 1282       4       io.netty.buffer.SizeClasses::sizeOf (29 bytes)
Event: 1.140 Thread 0x000001ec9c298540 nmethod 1281 0x000001ec8f9d5490 code [0x000001ec8f9d5620, 0x000001ec8f9d58c8]
Event: 1.141 Thread 0x000001ec978e0c50 nmethod 1282 0x000001ec8f9d5a90 code [0x000001ec8f9d5c20, 0x000001ec8f9d5cd8]
Event: 1.142 Thread 0x000001ec978e29e0 1283       3       java.lang.ClassLoader::defineClass (43 bytes)
Event: 1.142 Thread 0x000001ec978e29e0 nmethod 1283 0x000001ec880dcf10 code [0x000001ec880dd100, 0x000001ec880dd618]
Event: 1.142 Thread 0x000001ec9c298540 1284 % !   4       java.util.concurrent.ConcurrentHashMap::transfer @ 96 (849 bytes)

GC Heap History (2 events):
Event: 1.072 GC heap before
{Heap before GC invocations=0 (full 0):
 garbage-first heap   total 129024K, used 23552K [0x0000000082800000, 0x0000000100000000)
  region size 1024K, 23 young (23552K), 0 survivors (0K)
 Metaspace       used 9495K, committed 9664K, reserved 1114112K
  class space    used 1024K, committed 1088K, reserved 1048576K
}
Event: 1.078 GC heap after
{Heap after GC invocations=1 (full 0):
 garbage-first heap   total 129024K, used 5653K [0x0000000082800000, 0x0000000100000000)
  region size 1024K, 3 young (3072K), 3 survivors (3072K)
 Metaspace       used 9495K, committed 9664K, reserved 1114112K
  class space    used 1024K, committed 1088K, reserved 1048576K
}

Dll operation events (11 events):
Event: 0.009 Loaded shared library C:\Program Files\Java\jdk-19\bin\java.dll
Event: 0.018 Loaded shared library C:\Program Files\Java\jdk-19\bin\jsvml.dll
Event: 0.087 Loaded shared library C:\Program Files\Java\jdk-19\bin\net.dll
Event: 0.090 Loaded shared library C:\Program Files\Java\jdk-19\bin\nio.dll
Event: 0.091 Loaded shared library C:\Program Files\Java\jdk-19\bin\zip.dll
Event: 0.147 Loaded shared library C:\Program Files\Java\jdk-19\bin\jimage.dll
Event: 0.210 Loaded shared library C:\Program Files\Java\jdk-19\bin\extnet.dll
Event: 0.781 Loaded shared library C:\Program Files\Java\jdk-19\bin\verify.dll
Event: 0.837 Loaded shared library C:\Program Files\Java\jdk-19\bin\management.dll
Event: 0.841 Loaded shared library C:\Program Files\Java\jdk-19\bin\management_ext.dll
Event: 1.041 Loaded shared library C:\Program Files\Java\jdk-19\bin\sunmscapi.dll

Deoptimization events (20 events):
Event: 0.853 Thread 0x000001ecf70e5190 DEOPT PACKING pc=0x000001ec8f99d0b4 sp=0x000000a0642fd8e0
Event: 0.853 Thread 0x000001ecf70e5190 DEOPT UNPACKING pc=0x000001ec8f436da3 sp=0x000000a0642fd898 mode 2
Event: 0.854 Thread 0x000001ecf70e5190 Uncommon trap: trap_request=0xffffff45 fr.pc=0x000001ec8f99fa00 relative=0x0000000000000700
Event: 0.854 Thread 0x000001ecf70e5190 Uncommon trap: reason=unstable_if action=reinterpret pc=0x000001ec8f99fa00 method=java.util.regex.Matcher.search(I)Z @ 30 c2
Event: 0.854 Thread 0x000001ecf70e5190 DEOPT PACKING pc=0x000001ec8f99fa00 sp=0x000000a0642fd860
Event: 0.854 Thread 0x000001ecf70e5190 DEOPT UNPACKING pc=0x000001ec8f436da3 sp=0x000000a0642fd840 mode 2
Event: 0.920 Thread 0x000001ecf70e5190 Uncommon trap: trap_request=0xffffffde fr.pc=0x000001ec8f99d0b4 relative=0x00000000000002f4
Event: 0.920 Thread 0x000001ecf70e5190 Uncommon trap: reason=class_check action=maybe_recompile pc=0x000001ec8f99d0b4 method=java.util.regex.Pattern$BmpCharPropertyGreedy.match(Ljava/util/regex/Matcher;ILjava/lang/CharSequence;)Z @ 26 c2
Event: 0.920 Thread 0x000001ecf70e5190 DEOPT PACKING pc=0x000001ec8f99d0b4 sp=0x000000a0642fb0c0
Event: 0.920 Thread 0x000001ecf70e5190 DEOPT UNPACKING pc=0x000001ec8f436da3 sp=0x000000a0642fb078 mode 2
Event: 1.014 Thread 0x000001ecf70e5190 DEOPT PACKING pc=0x000001ec8807c5be sp=0x000000a0642fd2a0
Event: 1.014 Thread 0x000001ecf70e5190 DEOPT UNPACKING pc=0x000001ec8f437543 sp=0x000000a0642fc720 mode 0
Event: 1.015 Thread 0x000001ecf70e5190 DEOPT PACKING pc=0x000001ec8807c5be sp=0x000000a0642fd2a0
Event: 1.015 Thread 0x000001ecf70e5190 DEOPT UNPACKING pc=0x000001ec8f437543 sp=0x000000a0642fc720 mode 0
Event: 1.016 Thread 0x000001ecf70e5190 DEOPT PACKING pc=0x000001ec87eda57e sp=0x000000a0642fd3e0
Event: 1.016 Thread 0x000001ecf70e5190 DEOPT UNPACKING pc=0x000001ec8f437543 sp=0x000000a0642fc850 mode 0
Event: 1.016 Thread 0x000001ecf70e5190 DEOPT PACKING pc=0x000001ec8807c5be sp=0x000000a0642fd2a0
Event: 1.016 Thread 0x000001ecf70e5190 DEOPT UNPACKING pc=0x000001ec8f437543 sp=0x000000a0642fc720 mode 0
Event: 1.016 Thread 0x000001ecf70e5190 DEOPT PACKING pc=0x000001ec8807c5be sp=0x000000a0642fd2a0
Event: 1.016 Thread 0x000001ecf70e5190 DEOPT UNPACKING pc=0x000001ec8f437543 sp=0x000000a0642fc720 mode 0

Classes loaded (20 events):
Event: 1.101 Loading class sun/nio/ch/Interruptible done
Event: 1.101 Loading class java/nio/channels/spi/AbstractInterruptibleChannel$1 done
Event: 1.102 Loading class java/nio/BufferMismatch
Event: 1.103 Loading class java/nio/BufferMismatch done
Event: 1.103 Loading class sun/nio/ch/SourceChannelImpl
Event: 1.103 Loading class java/nio/channels/Pipe$SourceChannel
Event: 1.103 Loading class java/nio/channels/Pipe$SourceChannel done
Event: 1.103 Loading class sun/nio/ch/SourceChannelImpl done
Event: 1.103 Loading class sun/nio/ch/SinkChannelImpl
Event: 1.103 Loading class java/nio/channels/Pipe$SinkChannel
Event: 1.103 Loading class java/nio/channels/Pipe$SinkChannel done
Event: 1.103 Loading class sun/nio/ch/SinkChannelImpl done
Event: 1.104 Loading class java/nio/channels/SelectionKey
Event: 1.104 Loading class java/nio/channels/SelectionKey done
Event: 1.124 Loading class java/nio/charset/CharacterCodingException
Event: 1.124 Loading class java/nio/charset/CharacterCodingException done
Event: 1.126 Loading class sun/nio/cs/UTF_8$Encoder
Event: 1.126 Loading class sun/nio/cs/UTF_8$Encoder done
Event: 1.133 Loading class java/nio/ReadOnlyBufferException
Event: 1.133 Loading class java/nio/ReadOnlyBufferException done

Classes unloaded (0 events):
No events

Classes redefined (0 events):
No events

Internal exceptions (19 events):
Event: 0.174 Thread 0x000001ecf70e5190 Exception <a 'java/lang/NoSuchMethodError'{0x000000008a015938}: 'int java.lang.invoke.DirectMethodHandle$Holder.invokeStaticInit(java.lang.Object, java.lang.Object)'> (0x000000008a015938) 
thrown [s\open\src\hotspot\share\interpreter\linkResolver.cpp, line 774]
Event: 0.211 Thread 0x000001ecf70e5190 Exception <a 'java/lang/NoSuchMethodError'{0x0000000089f13d30}: 'void java.lang.invoke.DirectMethodHandle$Holder.invokeStatic(java.lang.Object, java.lang.Object)'> (0x0000000089f13d30) 
thrown [s\open\src\hotspot\share\interpreter\linkResolver.cpp, line 774]
Event: 0.250 Thread 0x000001ecf70e5190 Exception <a 'java/lang/NoSuchMethodError'{0x0000000089fd2ce8}: 'java.lang.Object java.lang.invoke.DirectMethodHandle$Holder.invokeStaticInit(java.lang.Object, int, int, int, int)'> (0x0000000089fd2ce8) 
thrown [s\open\src\hotspot\share\interpreter\linkResolver.cpp, line 774]
Event: 0.321 Thread 0x000001ecf70e5190 Exception <a 'java/lang/NoSuchMethodError'{0x0000000089e6e9b8}: 'java.lang.Object java.lang.invoke.DirectMethodHandle$Holder.invokeStaticInit(java.lang.Object, java.lang.Object, int, int, int, int)'> (0x0000000089e6e9b8) 
thrown [s\open\src\hotspot\share\interpreter\linkResolver.cpp, line 774]
Event: 0.326 Thread 0x000001ecf70e5190 Exception <a 'sun/nio/fs/WindowsException'{0x0000000089e76d68}> (0x0000000089e76d68) 
thrown [s\open\src\hotspot\share\prims\jni.cpp, line 517]
Event: 0.476 Thread 0x000001ecf70e5190 Exception <a 'java/lang/NoSuchMethodError'{0x0000000089e7c1a0}: 'void java.lang.invoke.DirectMethodHandle$Holder.invokeStatic(java.lang.Object, long)'> (0x0000000089e7c1a0) 
thrown [s\open\src\hotspot\share\interpreter\linkResolver.cpp, line 774]
Event: 0.478 Thread 0x000001ecf70e5190 Exception <a 'java/lang/NoSuchMethodError'{0x0000000089e81858}: 'java.lang.Object java.lang.invoke.DirectMethodHandle$Holder.newInvokeSpecial(java.lang.Object, long)'> (0x0000000089e81858) 
thrown [s\open\src\hotspot\share\interpreter\linkResolver.cpp, line 774]
Event: 0.480 Thread 0x000001ecf70e5190 Exception <a 'java/lang/NoSuchMethodError'{0x0000000089e86350}: 'java.lang.Object java.lang.invoke.DirectMethodHandle$Holder.invokeStaticInit(java.lang.Object)'> (0x0000000089e86350) 
thrown [s\open\src\hotspot\share\interpreter\linkResolver.cpp, line 774]
Event: 0.481 Thread 0x000001ecf70e5190 Exception <a 'java/lang/NoSuchMethodError'{0x0000000089e8c198}: 'java.lang.Object java.lang.invoke.DirectMethodHandle$Holder.invokeStatic(java.lang.Object, long, java.lang.Object)'> (0x0000000089e8c198) 
thrown [s\open\src\hotspot\share\interpreter\linkResolver.cpp, line 774]
Event: 0.481 Thread 0x000001ecf70e5190 Exception <a 'java/lang/NoSuchMethodError'{0x0000000089e8fbc8}: 'java.lang.Object java.lang.invoke.DirectMethodHandle$Holder.invokeStaticInit(java.lang.Object, long, java.lang.Object)'> (0x0000000089e8fbc8) 
thrown [s\open\src\hotspot\share\interpreter\linkResolver.cpp, line 774]
Event: 0.750 Thread 0x000001ecf70e5190 Exception <a 'java/lang/NoSuchMethodError'{0x0000000089b9c120}: 'void java.lang.invoke.DirectMethodHandle$Holder.invokeStaticInit(java.lang.Object, java.lang.Object)'> (0x0000000089b9c120) 
thrown [s\open\src\hotspot\share\interpreter\linkResolver.cpp, line 774]
Event: 0.785 Thread 0x000001ecf70e5190 Exception <a 'java/lang/NoClassDefFoundError'{0x0000000089ae1b18}: org/slf4j/impl/StaticLoggerBinder> (0x0000000089ae1b18) 
thrown [s\open\src\hotspot\share\classfile\systemDictionary.cpp, line 244]
Event: 0.799 Thread 0x000001ecf70e5190 Exception <a 'java/lang/NoClassDefFoundError'{0x000000008994a068}> (0x000000008994a068) 
thrown [s\open\src\hotspot\share\oops\instanceKlass.cpp, line 1168]
Event: 0.799 Thread 0x000001ecf70e5190 Exception <a 'java/lang/NoClassDefFoundError'{0x00000000899557c0}: org/apache/logging/log4j/spi/ExtendedLoggerWrapper> (0x00000000899557c0) 
thrown [s\open\src\hotspot\share\classfile\systemDictionary.cpp, line 244]
Event: 0.800 Thread 0x000001ecf70e5190 Exception <a 'java/lang/NoClassDefFoundError'{0x0000000089960468}: org/apache/log4j/Priority> (0x0000000089960468) 
thrown [s\open\src\hotspot\share\classfile\systemDictionary.cpp, line 244]
Event: 0.848 Thread 0x000001ecf70e5190 Exception <a 'java/lang/NoSuchMethodError'{0x0000000089710c58}: 'int java.lang.invoke.DirectMethodHandle$Holder.invokeSpecial(java.lang.Object, java.lang.Object, java.lang.Object)'> (0x0000000089710c58) 
thrown [s\open\src\hotspot\share\interpreter\linkResolver.cpp, line 774]
Event: 0.850 Thread 0x000001ecf70e5190 Exception <a 'java/lang/NoSuchMethodError'{0x00000000897217a8}: 'java.lang.Object java.lang.invoke.DirectMethodHandle$Holder.invokeInterface(java.lang.Object, java.lang.Object)'> (0x00000000897217a8) 
thrown [s\open\src\hotspot\share\interpreter\linkResolver.cpp, line 774]
Event: 0.857 Thread 0x000001ecf70e5190 Exception <a 'java/lang/NoSuchMethodError'{0x000000008973b4d8}: 'void java.lang.invoke.DirectMethodHandle$Holder.invokeSpecial(java.lang.Object, java.lang.Object, java.lang.Object)'> (0x000000008973b4d8) 
thrown [s\open\src\hotspot\share\interpreter\linkResolver.cpp, line 774]
Event: 0.931 Thread 0x000001ecf70e5190 Exception <a 'sun/nio/fs/WindowsException'{0x000000008940bcb8}> (0x000000008940bcb8) 
thrown [s\open\src\hotspot\share\prims\jni.cpp, line 517]

VM Operations (16 events):
Event: 0.092 Executing VM operation: HandshakeAllThreads
Event: 0.092 Executing VM operation: HandshakeAllThreads done
Event: 0.208 Executing VM operation: HandshakeAllThreads
Event: 0.208 Executing VM operation: HandshakeAllThreads done
Event: 0.219 Executing VM operation: HandshakeAllThreads
Event: 0.219 Executing VM operation: HandshakeAllThreads done
Event: 0.237 Executing VM operation: HandshakeAllThreads
Event: 0.237 Executing VM operation: HandshakeAllThreads done
Event: 0.795 Executing VM operation: HandshakeAllThreads
Event: 0.795 Executing VM operation: HandshakeAllThreads done
Event: 0.807 Executing VM operation: HandshakeAllThreads
Event: 0.807 Executing VM operation: HandshakeAllThreads done
Event: 0.996 Executing VM operation: ICBufferFull
Event: 0.996 Executing VM operation: ICBufferFull done
Event: 1.071 Executing VM operation: G1CollectForAllocation
Event: 1.078 Executing VM operation: G1CollectForAllocation done

Events (17 events):
Event: 0.018 Thread 0x000001ecf70e5190 Thread added: 0x000001ecf70e5190
Event: 0.031 Thread 0x000001ec978ce680 Thread added: 0x000001ec978ce680
Event: 0.031 Thread 0x000001ec978cf1b0 Thread added: 0x000001ec978cf1b0
Event: 0.032 Thread 0x000001ec978d2fb0 Thread added: 0x000001ec978d2fb0
Event: 0.032 Thread 0x000001ec978d7a00 Thread added: 0x000001ec978d7a00
Event: 0.032 Thread 0x000001ec978d8540 Thread added: 0x000001ec978d8540
Event: 0.032 Thread 0x000001ec978d9010 Thread added: 0x000001ec978d9010
Event: 0.032 Thread 0x000001ec978e0c50 Thread added: 0x000001ec978e0c50
Event: 0.032 Thread 0x000001ec978e29e0 Thread added: 0x000001ec978e29e0
Event: 0.032 Thread 0x000001ec978ee750 Thread added: 0x000001ec978ee750
Event: 0.080 Thread 0x000001ec9bcfbf50 Thread added: 0x000001ec9bcfbf50
Event: 0.084 Thread 0x000001ec9bd00700 Thread added: 0x000001ec9bd00700
Event: 0.107 Thread 0x000001ec9bd8a3e0 Thread added: 0x000001ec9bd8a3e0
Event: 0.476 Thread 0x000001ec9bd8a3e0 Thread exited: 0x000001ec9bd8a3e0
Event: 0.721 Thread 0x000001ec9c2d0290 Thread added: 0x000001ec9c2d0290
Event: 0.826 Thread 0x000001ec9c298540 Thread added: 0x000001ec9c298540
Event: 0.872 Thread 0x000001ec9c1800b0 Thread added: 0x000001ec9c1800b0


Dynamic libraries:
0x00007ff602b20000 - 0x00007ff602b30000 	C:\Program Files\Java\jdk-19\bin\javaw.exe
0x00007ffb33950000 - 0x00007ffb33b64000 	C:\WINDOWS\SYSTEM32\ntdll.dll
0x00007ffb317b0000 - 0x00007ffb31872000 	C:\WINDOWS\System32\KERNEL32.DLL
0x00007ffb30d50000 - 0x00007ffb310f3000 	C:\WINDOWS\System32\KERNELBASE.dll
0x00007ffb31100000 - 0x00007ffb31211000 	C:\WINDOWS\System32\ucrtbase.dll
0x00007ffb26d00000 - 0x00007ffb26d1b000 	C:\Program Files\Java\jdk-19\bin\VCRUNTIME140.dll
0x00007ffb26e90000 - 0x00007ffb26ea8000 	C:\Program Files\Java\jdk-19\bin\jli.dll
0x00007ffb33490000 - 0x00007ffb3353e000 	C:\WINDOWS\System32\ADVAPI32.dll
0x00007ffb31930000 - 0x00007ffb319d7000 	C:\WINDOWS\System32\msvcrt.dll
0x00007ffb32e00000 - 0x00007ffb32ea4000 	C:\WINDOWS\System32\sechost.dll
0x00007ffb33360000 - 0x00007ffb33477000 	C:\WINDOWS\System32\RPCRT4.dll
0x00007ffb331b0000 - 0x00007ffb3335b000 	C:\WINDOWS\System32\USER32.dll
0x00007ffb31690000 - 0x00007ffb316b6000 	C:\WINDOWS\System32\win32u.dll
0x00007ffb178c0000 - 0x00007ffb17b4e000 	C:\WINDOWS\WinSxS\amd64_microsoft.windows.common-controls_6595b64144ccf1df_6.0.22621.1635_none_270f70857386168e\COMCTL32.dll
0x00007ffb32fc0000 - 0x00007ffb32fe9000 	C:\WINDOWS\System32\GDI32.dll
0x00007ffb31220000 - 0x00007ffb31339000 	C:\WINDOWS\System32\gdi32full.dll
0x00007ffb31480000 - 0x00007ffb3151a000 	C:\WINDOWS\System32\msvcp_win.dll
0x00007ffb2a050000 - 0x00007ffb2a05a000 	C:\WINDOWS\SYSTEM32\VERSION.dll
0x00007ffb33540000 - 0x00007ffb33571000 	C:\WINDOWS\System32\IMM32.DLL
0x00007ffb2d580000 - 0x00007ffb2d58c000 	C:\Program Files\Java\jdk-19\bin\vcruntime140_1.dll
0x00007ffb24c10000 - 0x00007ffb24c9e000 	C:\Program Files\Java\jdk-19\bin\msvcp140.dll
0x00007ffabffa0000 - 0x00007ffac0c60000 	C:\Program Files\Java\jdk-19\bin\server\jvm.dll
0x00007ffb2d520000 - 0x00007ffb2d529000 	C:\WINDOWS\SYSTEM32\WSOCK32.dll
0x00007ffb295d0000 - 0x00007ffb29604000 	C:\WINDOWS\SYSTEM32\WINMM.dll
0x00007ffb31730000 - 0x00007ffb317a1000 	C:\WINDOWS\System32\WS2_32.dll
0x00007ffb2fe90000 - 0x00007ffb2fea8000 	C:\WINDOWS\SYSTEM32\kernel.appcore.dll
0x00007ffb2d640000 - 0x00007ffb2d64a000 	C:\Program Files\Java\jdk-19\bin\jimage.dll
0x00007ffb2e790000 - 0x00007ffb2e9be000 	C:\WINDOWS\SYSTEM32\DBGHELP.DLL
0x00007ffb33580000 - 0x00007ffb33909000 	C:\WINDOWS\System32\combase.dll
0x00007ffb32cb0000 - 0x00007ffb32d87000 	C:\WINDOWS\System32\OLEAUT32.dll
0x00007ffb11340000 - 0x00007ffb11372000 	C:\WINDOWS\SYSTEM32\dbgcore.DLL
0x00007ffb31400000 - 0x00007ffb3147b000 	C:\WINDOWS\System32\bcryptPrimitives.dll
0x00007ffb2d550000 - 0x00007ffb2d576000 	C:\Program Files\Java\jdk-19\bin\java.dll
0x00007ffb1f630000 - 0x00007ffb1f707000 	C:\Program Files\Java\jdk-19\bin\jsvml.dll
0x00007ffb32330000 - 0x00007ffb32b2a000 	C:\WINDOWS\System32\SHELL32.dll
0x00007ffb2ed60000 - 0x00007ffb2f62e000 	C:\WINDOWS\SYSTEM32\windows.storage.dll
0x00007ffb2ec20000 - 0x00007ffb2ed5e000 	C:\WINDOWS\SYSTEM32\wintypes.dll
0x00007ffb32ec0000 - 0x00007ffb32fb1000 	C:\WINDOWS\System32\SHCORE.dll
0x00007ffb31e40000 - 0x00007ffb31e9e000 	C:\WINDOWS\System32\shlwapi.dll
0x00007ffb30c80000 - 0x00007ffb30ca1000 	C:\WINDOWS\SYSTEM32\profapi.dll
0x00007ffb29750000 - 0x00007ffb29763000 	C:\Program Files\Java\jdk-19\bin\net.dll
0x00007ffb29b80000 - 0x00007ffb29cb7000 	C:\WINDOWS\SYSTEM32\WINHTTP.dll
0x00007ffb30300000 - 0x00007ffb30369000 	C:\WINDOWS\system32\mswsock.dll
0x00007ffb26f00000 - 0x00007ffb26f16000 	C:\Program Files\Java\jdk-19\bin\nio.dll
0x00007ffb26ee0000 - 0x00007ffb26ef8000 	C:\Program Files\Java\jdk-19\bin\zip.dll
0x00007ffb29740000 - 0x00007ffb29748000 	C:\Program Files\Java\jdk-19\bin\extnet.dll
0x00007ffb2f970000 - 0x00007ffb2fa63000 	C:\WINDOWS\SYSTEM32\DNSAPI.dll
0x00007ffb2f900000 - 0x00007ffb2f92d000 	C:\WINDOWS\SYSTEM32\IPHLPAPI.DLL
0x00007ffb32c80000 - 0x00007ffb32c89000 	C:\WINDOWS\System32\NSI.dll
0x00007ffb1c360000 - 0x00007ffb1c36a000 	C:\Windows\System32\rasadhlp.dll
0x00007ffb28c70000 - 0x00007ffb28cf4000 	C:\WINDOWS\System32\fwpuclnt.dll
0x00007ffb30560000 - 0x00007ffb3057b000 	C:\WINDOWS\SYSTEM32\CRYPTSP.dll
0x00007ffb2fe00000 - 0x00007ffb2fe35000 	C:\WINDOWS\system32\rsaenh.dll
0x00007ffb30400000 - 0x00007ffb30428000 	C:\WINDOWS\SYSTEM32\USERENV.dll
0x00007ffb30700000 - 0x00007ffb30728000 	C:\WINDOWS\SYSTEM32\bcrypt.dll
0x00007ffb30580000 - 0x00007ffb3058c000 	C:\WINDOWS\SYSTEM32\CRYPTBASE.dll
0x00007ffb29ab0000 - 0x00007ffb29ac9000 	C:\WINDOWS\SYSTEM32\dhcpcsvc6.DLL
0x00007ffb29a90000 - 0x00007ffb29aaf000 	C:\WINDOWS\SYSTEM32\dhcpcsvc.DLL
0x00007ffb2ddc0000 - 0x00007ffb2de57000 	C:\WINDOWS\system32\apphelp.dll
0x00007ffb2b070000 - 0x00007ffb2b080000 	C:\Program Files\Java\jdk-19\bin\verify.dll
0x00007ffb2bbb0000 - 0x00007ffb2bbba000 	C:\Program Files\Java\jdk-19\bin\management.dll
0x00007ffb2bb90000 - 0x00007ffb2bb9b000 	C:\Program Files\Java\jdk-19\bin\management_ext.dll
0x00007ffb33480000 - 0x00007ffb33488000 	C:\WINDOWS\System32\PSAPI.DLL
0x00007ffb2aa10000 - 0x00007ffb2aa1e000 	C:\Program Files\Java\jdk-19\bin\sunmscapi.dll
0x00007ffb31520000 - 0x00007ffb31687000 	C:\WINDOWS\System32\CRYPT32.dll
0x00007ffb306d0000 - 0x00007ffb306fe000 	C:\WINDOWS\SYSTEM32\ncrypt.dll
0x00007ffb30690000 - 0x00007ffb306c7000 	C:\WINDOWS\SYSTEM32\NTASN1.dll
0x00007ffb2bb80000 - 0x00007ffb2bb88000 	C:\WINDOWS\system32\wshunix.dll

dbghelp: loaded successfully - version: 4.0.5 - missing functions: none
symbol engine: initialized successfully - sym options: 0x614 - pdb path: .;C:\Program Files\Java\jdk-19\bin;C:\WINDOWS\SYSTEM32;C:\WINDOWS\WinSxS\amd64_microsoft.windows.common-controls_6595b64144ccf1df_6.0.22621.1635_none_270f70857386168e;C:\Program Files\Java\jdk-19\bin\server

VM Arguments:
jvm_args: -Dfile.encoding=UTF-8 -XX:+ShowCodeDetailsInExceptionMessages 
java_command: sel2jave.main
java_class_path (initial): C:\Users\hirik\eclipse-workspace\sel2\target\classes;C:\Users\hirik\.m2\repository\org\seleniumhq\selenium\selenium-java\4.8.1\selenium-java-4.8.1.jar;C:\Users\hirik\.m2\repository\org\seleniumhq\selenium\selenium-api\4.8.1\selenium-api-4.8.1.jar;C:\Users\hirik\.m2\repository\org\seleniumhq\selenium\selenium-chrome-driver\4.8.1\selenium-chrome-driver-4.8.1.jar;C:\Users\hirik\.m2\repository\com\google\auto\service\auto-service-annotations\1.0.1\auto-service-annotations-1.0.1.jar;C:\Users\hirik\.m2\repository\com\google\auto\service\auto-service\1.0.1\auto-service-1.0.1.jar;C:\Users\hirik\.m2\repository\com\google\auto\auto-common\1.2\auto-common-1.2.jar;C:\Users\hirik\.m2\repository\com\google\guava\guava\31.1-jre\guava-31.1-jre.jar;C:\Users\hirik\.m2\repository\com\google\guava\failureaccess\1.0.1\failureaccess-1.0.1.jar;C:\Users\hirik\.m2\repository\com\google\guava\listenablefuture\9999.0-empty-to-avoid-conflict-with-guava\listenablefuture-9999.0-empty-to-avoid-conflict-with-guava.jar;C:\Users\hirik\.m2\repository\com\google\code\findbugs\jsr305\3.0.2\jsr305-3.0.2.jar;C:\Users\hirik\.m2\repository\org\checkerframework\checker-qual\3.12.0\checker-qual-3.12.0.jar;C:\Users\hirik\.m2\repository\com\google\errorprone\error_prone_annotations\2.11.0\error_prone_annotations-2.11.0.jar;C:\Users\hirik\.m2\repository\com\google\j2objc\j2objc-annotations\1.3\j2objc-annotations-1.3.jar;C:\Users\hirik\.m2\repository\org\seleniumhq\selenium\selenium-chromium-driver\4.8.1\selenium-chromium-driver-4.8.1.jar;C:\Users\hirik\.m2\repository\org\seleniumhq\selenium\selenium-json\4.8.1\selenium-json-4.8.1.jar;C:\Users\hirik\.m2\repository\org\seleniumhq\selenium\selenium-devtools-v108\4.8.1\selenium-devtools-v108-4.8.1.jar;C:\Users\hirik\.m2\repository\org\seleniumhq\selenium\selenium-devtools-v109\4.8.1\selenium-devtools-v109-4.8.1.jar;C:\Users\hirik\.m2\repository\org\seleniumhq\selenium\selenium-devtools-v110\4.8.1\selenium-devtools-v110-4.8.1.jar;C:\Users\hirik\.m2\repository\org\seleniumhq\selenium\selenium-devtools-v85\4.8.1\selenium-devtools-v85-4.8.1.jar;C:\Users\hirik\.m2\repository\org\seleniumhq\selenium\selenium-edge-driver\4.8.1\selenium-edge-driver-4.8.1.jar;C:\Users\hirik\.m2\repository\org\seleniumhq\selenium\selenium-firefox-driver\4.8.1\selenium-firefox-driver-4.8.1.jar;C:\Users\hirik\.m2\repository\org\seleniumhq\selenium\selenium-http\4.8.1\selenium-http-4.8.1.jar;C:\Users\hirik\.m2\repository\dev\failsafe\failsafe\3.3.0\failsafe-3.3.0.jar;C:\Users\hirik\.m2\repository\org\seleniumhq\selenium\selenium-ie-driver\4.8.1\selenium-ie-driver-4.8.1.jar;C:\Users\hirik\.m2\repository\org\seleniumhq\selenium\selenium-remote-driver\4.8.1\selenium-remote-driver-4.8.1.jar;C:\Users\hirik\.m2\repository\io\netty\netty-buffer\4.1.87.Final\netty-buffer-4.1.87.Final.jar;C:\Users\hirik\.m2\repository\io\netty\netty-codec-http\4.1.87.Final\netty-codec-http-4.1.87.Final.jar;C:\Users\hirik\.m2\repository\io\netty\netty-codec\4.1.87.Final\netty-codec-4.1.87.Final.jar;C:\Users\hirik\.m2\repository\io\netty\netty-handler\4.1.87.Final\netty-handler-4.1.87.Final.jar;C:\Users\hirik\.m2\repository\io\netty\netty-common\4.1.87.Final\netty-common-4.1.87.Final.jar;C:\Users\hirik\.m2\repository\io\netty\netty-transport-classes-epoll\4.1.87.Final\netty-transport-classes-epoll-4.1.87.Final.jar;C:\Users\hirik\.m2\repository\io\netty\netty-transport-classes-kqueue\4.1.87.Final\netty-transport-classes-kqueue-4.1.87.Final.jar;C:\Users\hirik\.m2\repository\io\netty\netty-transport-native-epoll\4.1.87.Final\netty-transport-native-epoll-4.1.87.Final.jar;C:\Users\hirik\.m2\repository\io\netty\netty-transport-native-kqueue\4.1.87.Final\netty-transport-native-kqueue-4.1.87.Final.jar;C:\Users\hirik\.m2\repository\io\netty\netty-transport-native-unix-common\4.1.87.Final\netty-transport-native-unix-common-4.1.87.Final.jar;C:\Users\hirik\.m2\repository\io\netty\netty-transport\4.1.87.Final\netty-transport-4.1.87.Final.jar;C:\Users\hirik\.m2\repository\io\netty\netty-resolver\4.1.87.Final\netty-resolver-4.1.87.Final.jar;C:\Users\hirik\.m2\repository\io\opentelemetry\opentelemetry-api\1.22.0\opentelemetry-api-1.22.0.jar;C:\Users\hirik\.m2\repository\io\opentelemetry\opentelemetry-context\1.22.0\opentelemetry-context-1.22.0.jar;C:\Users\hirik\.m2\repository\io\opentelemetry\opentelemetry-exporter-logging\1.22.0\opentelemetry-exporter-logging-1.22.0.jar;C:\Users\hirik\.m2\repository\io\opentelemetry\opentelemetry-sdk-metrics\1.22.0\opentelemetry-sdk-metrics-1.22.0.jar;C:\Users\hirik\.m2\repository\io\opentelemetry\opentelemetry-sdk-logs\1.22.0-alpha\opentelemetry-sdk-logs-1.22.0-alpha.jar;C:\Users\hirik\.m2\repository\io\opentelemetry\opentelemetry-api-logs\1.22.0-alpha\opentelemetry-api-logs-1.22.0-alpha.jar;C:\Users\hirik\.m2\repository\io\opentelemetry\opentelemetry-sdk-common\1.22.0\opentelemetry-sdk-common-1.22.0.jar;C:\Users\hirik\.m2\repository\io\opentelemetry\opentelemetry-sdk-extension-autoconfigure-spi\1.22.0\opentelemetry-sdk-extension-autoconfigure-spi-1.22.0.jar;C:\Users\hirik\.m2\repository\io\opentelemetry\opentelemetry-sdk-extension-autoconfigure\1.22.0-alpha\opentelemetry-sdk-extension-autoconfigure-1.22.0-alpha.jar;C:\Users\hirik\.m2\repository\io\opentelemetry\opentelemetry-sdk-trace\1.22.0\opentelemetry-sdk-trace-1.22.0.jar;C:\Users\hirik\.m2\repository\io\opentelemetry\opentelemetry-sdk\1.22.0\opentelemetry-sdk-1.22.0.jar;C:\Users\hirik\.m2\repository\io\opentelemetry\opentelemetry-semconv\1.22.0-alpha\opentelemetry-semconv-1.22.0-alpha.jar;C:\Users\hirik\.m2\repository\io\ous\jtoml\2.0.0\jtoml-2.0.0.jar;C:\Users\hirik\.m2\repository\net\bytebuddy\byte-buddy\1.12.22\byte-buddy-1.12.22.jar;C:\Users\hirik\.m2\repository\org\apache\commons\commons-exec\1.3\commons-exec-1.3.jar;C:\Users\hirik\.m2\repository\org\asynchttpclient\async-http-client\2.12.3\async-http-client-2.12.3.jar;C:\Users\hirik\.m2\repository\org\asynchttpclient\async-http-client-netty-utils\2.12.3\async-http-client-netty-utils-2.12.3.jar;C:\Users\hirik\.m2\repository\io\netty\netty-codec-socks\4.1.60.Final\netty-codec-socks-4.1.60.Final.jar;C:\Users\hirik\.m2\repository\io\netty\netty-handler-proxy\4.1.60.Final\netty-handler-proxy-4.1.60.Final.jar;C:\Users\hirik\.m2\repository\io\netty\netty-transport-native-epoll\4.1.60.Final\netty-transport-native-epoll-4.1.60.Final-linux-x86_64.jar;C:\Users\hirik\.m2\repository\io\netty\netty-transport-native-kqueue\4.1.60.Final\netty-transport-native-kqueue-4.1.60.Final-osx-x86_64.jar;C:\Users\hirik\.m2\repository\org\reactivestreams\reactive-streams\1.0.3\reactive-streams-1.0.3.jar;C:\Users\hirik\.m2\repository\com\typesafe\netty\netty-reactive-streams\2.0.4\netty-reactive-streams-2.0.4.jar;C:\Users\hirik\.m2\repository\com\sun\activation\jakarta.activation\1.2.2\jakarta.activation-1.2.2.jar;C:\Users\hirik\.m2\repository\org\seleniumhq\selenium\selenium-manager\4.8.1\selenium-manager-4.8.1.jar;C:\Users\hirik\.m2\repository\org\seleniumhq\selenium\selenium-safari-driver\4.8.1\selenium-safari-driver-4.8.1.jar;C:\Users\hirik\.m2\repository\org\seleniumhq\selenium\selenium-support\4.8.1\selenium-support-4.8.1.jar;C:\Users\hirik\.m2\repository\org\slf4j\slf4j-api\1.7.36\slf4j-api-1.7.36.jar;C:\Users\hirik\.m2\repository\com\beust\jcommander\1.82\jcommander-1.82.jar;C:\Users\hirik\eclipse-workspace\Sel\target\classes
Launcher Type: SUN_STANDARD

[Global flags]
     intx CICompilerCount                          = 4                                         {product} {ergonomic}
     uint ConcGCThreads                            = 2                                         {product} {ergonomic}
     uint G1ConcRefinementThreads                  = 8                                         {product} {ergonomic}
   size_t G1HeapRegionSize                         = 1048576                                   {product} {ergonomic}
    uintx GCDrainStackTargetSize                   = 64                                        {product} {ergonomic}
   size_t InitialHeapSize                          = 132120576                                 {product} {ergonomic}
   size_t MarkStackSize                            = 4194304                                   {product} {ergonomic}
   size_t MaxHeapSize                              = 2105540608                                {product} {ergonomic}
   size_t MaxNewSize                               = 1262485504                                {product} {ergonomic}
   size_t MinHeapDeltaBytes                        = 1048576                                   {product} {ergonomic}
   size_t MinHeapSize                              = 8388608                                   {product} {ergonomic}
    uintx NonNMethodCodeHeapSize                   = 5839372                                {pd product} {ergonomic}
    uintx NonProfiledCodeHeapSize                  = 122909434                              {pd product} {ergonomic}
    uintx ProfiledCodeHeapSize                     = 122909434                              {pd product} {ergonomic}
    uintx ReservedCodeCacheSize                    = 251658240                              {pd product} {ergonomic}
     bool SegmentedCodeCache                       = true                                      {product} {ergonomic}
     bool ShowCodeDetailsInExceptionMessages       = true                                   {manageable} {command line}
   size_t SoftMaxHeapSize                          = 2105540608                             {manageable} {ergonomic}
     bool UseCompressedClassPointers               = true                           {product lp64_product} {ergonomic}
     bool UseCompressedOops                        = true                           {product lp64_product} {ergonomic}
     bool UseG1GC                                  = true                                      {product} {ergonomic}
     bool UseLargePagesIndividualAllocation        = false                                  {pd product} {ergonomic}

Logging:
Log output configuration:
 #0: stdout all=warning uptime,level,tags foldmultilines=false
 #1: stderr all=off uptime,level,tags foldmultilines=false

Environment Variables:
JAVA_HOME=C:\Program Files\Java\jdk-19
PATH=C:/Program Files/Java/jdk-19/bin/server;C:/Program Files/Java/jdk-19/bin;C:\Program Files\Python311\Scripts\;C:\Program Files\Python311\;C:\Program Files\Common Files\Oracle\Java\javapath;C:\Windows\system32;C:\Windows;C:\Windows\System32\Wbem;C:\Windows\System32\WindowsPowerShell\v1.0\;C:\Windows\System32\OpenSSH\;C:\Program Files (x86)\NVIDIA Corporation\PhysX\Common;C:\Program Files\NVIDIA Corporation\NVIDIA NvDLISR;C:\WINDOWS\system32;C:\WINDOWS;C:\WINDOWS\System32\Wbem;C:\WINDOWS\System32\WindowsPowerShell\v1.0\;C:\WINDOWS\System32\OpenSSH\;C:\Program Files\Microsoft SQL Server\150\Tools\Binn\;C:\Program Files\Microsoft SQL Server\Client SDK\ODBC\170\Tools\Binn\;C:\Program Files\dotnet\;C:\Program Files\Git\cmd;C:\Program Files\Git\mingw64\bin;C:\Program Files\Git\usr\bin;C:\Users\hirik\AppData\Roaming\Python\Python311\Scripts;C:\Users\hirik\AppData\Local\Microsoft\WindowsApps;C:\Users\hirik\AppData\Local\GitHubDesktop\bin;C:\Users\hirik\.dotnet\tools;C:\Program Files\JetBrains\PyCharm Community Edition 2023.1.3\bin;;C:\WINDOWS\system32;
USERNAME=hirik
OS=Windows_NT
PROCESSOR_IDENTIFIER=Intel64 Family 6 Model 165 Stepping 2, GenuineIntel
TMP=C:\Users\hirik\AppData\Local\Temp
TEMP=C:\Users\hirik\AppData\Local\Temp



---------------  S Y S T E M  ---------------

OS:
 Windows 11 , 64 bit Build 22621 (10.0.22621.1778)
OS uptime: 11 days 7:12 hours

CPU: total 8 (initial active 8) (4 cores per cpu, 2 threads per core) family 6 model 165 stepping 2 microcode 0xe0, cx8, cmov, fxsr, ht, mmx, 3dnowpref, sse, sse2, sse3, ssse3, sse4.1, sse4.2, popcnt, lzcnt, tsc, tscinvbit, avx, avx2, aes, erms, clmul, bmi1, bmi2, adx, fma, vzeroupper, clflush, clflushopt, rdtscp

Memory: 4k page, system-wide physical 8029M (773M free)
TotalPageFile size 32605M (AvailPageFile size 3M)
current process WorkingSet (physical memory assigned to process): 91M, peak: 91M
current process commit charge ("private bytes"): 234M, peak: 234M

vm_info: Java HotSpot(TM) 64-Bit Server VM (19.0.2+7-44) for windows-amd64 JRE (19.0.2+7-44), built on 2022-11-30T18:02:09Z by "mach5one" with MS VC++ 17.1 (VS2022)

END.
