#
# There is insufficient memory for the Java Runtime Environment to continue.
# Native memory allocation (malloc) failed to allocate 32744 bytes for Chunk::new
# Possible reasons:
#   The system is out of physical RAM or swap space
#   The process is running with CompressedOops enabled, and the Java Heap may be blocking the growth of the native heap
# Possible solutions:
#   Reduce memory load on the system
#   Increase physical memory or swap space
#   Check if swap backing store is full
#   Decrease Java heap size (-Xmx/-Xms)
#   Decrease number of Java threads
#   Decrease Java thread stack sizes (-Xss)
#   Set larger code cache with -XX:ReservedCodeCacheSize=
#   JVM is running with Unscaled Compressed Oops mode in which the Java heap is
#     placed in the first 4GB address space. The Java Heap base address is the
#     maximum limit for the native heap growth. Please use -XX:HeapBaseMinAddress
#     to set the Java Heap base and to place the Java Heap above 4GB virtual address.
# This output file may be truncated or incomplete.
#
#  Out of Memory Error (arena.cpp:184), pid=5460, tid=27392
#
# JRE version: Java(TM) SE Runtime Environment (19.0.2+7) (build 19.0.2+7-44)
# Java VM: Java HotSpot(TM) 64-Bit Server VM (19.0.2+7-44, mixed mode, tiered, compressed oops, compressed class ptrs, g1 gc, windows-amd64)
# No core dump will be written. Minidumps are not enabled by default on client versions of Windows
#

---------------  S U M M A R Y ------------

Command Line: -Dfile.encoding=UTF-8 -XX:+ShowCodeDetailsInExceptionMessages sel2jave.main

Host: Intel(R) Core(TM) i5-10300H CPU @ 2.50GHz, 8 cores, 7G,  Windows 11 , 64 bit Build 22621 (10.0.22621.1778)
Time: Fri Jul  7 03:51:06 2023 Eastern Daylight Time elapsed time: 0.304652 seconds (0d 0h 0m 0s)

---------------  T H R E A D  ---------------

Current thread (0x00000180dbbe4000):  JavaThread "main" [_thread_in_Java, id=27392, stack(0x0000000ec7b00000,0x0000000ec7c00000)]

Stack: [0x0000000ec7b00000,0x0000000ec7c00000]
Native frames: (J=compiled Java code, j=interpreted, Vv=VM code, C=native code)
V  [jvm.dll+0x6ee21a]
V  [jvm.dll+0x85765e]
V  [jvm.dll+0x85904e]
V  [jvm.dll+0x859703]
V  [jvm.dll+0x28298f]
V  [jvm.dll+0xc9adf]
V  [jvm.dll+0xc9e65]
V  [jvm.dll+0x84d658]
V  [jvm.dll+0x29096a]
V  [jvm.dll+0x2907a9]
C  0x00000180eb0d7459

Java frames: (J=compiled Java code, j=interpreted, Vv=VM code)
v  ~DeoptimizationBlob 0x00000180eb0d7459
J 26 c1 java.lang.StringLatin1.indexOfChar([BIII)I java.base@19.0.2 (33 bytes) @ 0x00000180e3b479d1 [0x00000180e3b47840+0x0000000000000191]
J 151 c1 java.lang.StringLatin1.indexOf([BII)I java.base@19.0.2 (36 bytes) @ 0x00000180e3b70b24 [0x00000180e3b70960+0x00000000000001c4]
J 34 c1 java.lang.String.indexOf(I)I java.base@19.0.2 (7 bytes) @ 0x00000180e3b48b84 [0x00000180e3b489e0+0x00000000000001a4]
j  java.lang.ClassLoader.checkName(Ljava/lang/String;)Z+16 java.base@19.0.2
j  java.lang.ClassLoader.findBootstrapClassOrNull(Ljava/lang/String;)Ljava/lang/Class;+1 java.base@19.0.2
j  java.lang.System$2.findBootstrapClassOrNull(Ljava/lang/String;)Ljava/lang/Class;+1 java.base@19.0.2
j  jdk.internal.loader.ClassLoaders$BootClassLoader.loadClassOrNull(Ljava/lang/String;Z)Ljava/lang/Class;+4 java.base@19.0.2
j  jdk.internal.loader.BuiltinClassLoader.loadClassOrNull(Ljava/lang/String;)Ljava/lang/Class;+3 java.base@19.0.2
j  jdk.internal.loader.BuiltinClassLoader.loadClassOrNull(Ljava/lang/String;Z)Ljava/lang/Class;+86 java.base@19.0.2
j  jdk.internal.loader.BuiltinClassLoader.loadClassOrNull(Ljava/lang/String;)Ljava/lang/Class;+3 java.base@19.0.2
j  jdk.internal.loader.BuiltinClassLoader.loadClassOrNull(Ljava/lang/String;Z)Ljava/lang/Class;+86 java.base@19.0.2
j  jdk.internal.loader.BuiltinClassLoader.loadClass(Ljava/lang/String;Z)Ljava/lang/Class;+3 java.base@19.0.2
j  jdk.internal.loader.ClassLoaders$AppClassLoader.loadClass(Ljava/lang/String;Z)Ljava/lang/Class;+36 java.base@19.0.2
j  java.lang.ClassLoader.loadClass(Ljava/lang/String;)Ljava/lang/Class;+3 java.base@19.0.2
v  ~StubRoutines::call_stub 0x00000180eb07100e
j  java.lang.ClassLoader.defineClass1(Ljava/lang/ClassLoader;Ljava/lang/String;[BIILjava/security/ProtectionDomain;Ljava/lang/String;)Ljava/lang/Class;+0 java.base@19.0.2
j  java.lang.ClassLoader.defineClass(Ljava/lang/String;[BIILjava/security/ProtectionDomain;)Ljava/lang/Class;+27 java.base@19.0.2
j  java.security.SecureClassLoader.defineClass(Ljava/lang/String;[BIILjava/security/CodeSource;)Ljava/lang/Class;+12 java.base@19.0.2
j  jdk.internal.loader.BuiltinClassLoader.defineClass(Ljava/lang/String;Ljdk/internal/loader/Resource;)Ljava/lang/Class;+117 java.base@19.0.2
j  jdk.internal.loader.BuiltinClassLoader.findClassOnClassPathOrNull(Ljava/lang/String;)Ljava/lang/Class;+37 java.base@19.0.2
j  jdk.internal.loader.BuiltinClassLoader.loadClassOrNull(Ljava/lang/String;Z)Ljava/lang/Class;+111 java.base@19.0.2
j  jdk.internal.loader.BuiltinClassLoader.loadClass(Ljava/lang/String;Z)Ljava/lang/Class;+3 java.base@19.0.2
j  jdk.internal.loader.ClassLoaders$AppClassLoader.loadClass(Ljava/lang/String;Z)Ljava/lang/Class;+36 java.base@19.0.2
j  java.lang.ClassLoader.loadClass(Ljava/lang/String;)Ljava/lang/Class;+3 java.base@19.0.2
v  ~StubRoutines::call_stub 0x00000180eb07100e
j  java.lang.ClassLoader.defineClass1(Ljava/lang/ClassLoader;Ljava/lang/String;[BIILjava/security/ProtectionDomain;Ljava/lang/String;)Ljava/lang/Class;+0 java.base@19.0.2
j  java.lang.ClassLoader.defineClass(Ljava/lang/String;[BIILjava/security/ProtectionDomain;)Ljava/lang/Class;+27 java.base@19.0.2
j  java.security.SecureClassLoader.defineClass(Ljava/lang/String;[BIILjava/security/CodeSource;)Ljava/lang/Class;+12 java.base@19.0.2
j  jdk.internal.loader.BuiltinClassLoader.defineClass(Ljava/lang/String;Ljdk/internal/loader/Resource;)Ljava/lang/Class;+117 java.base@19.0.2
j  jdk.internal.loader.BuiltinClassLoader.findClassOnClassPathOrNull(Ljava/lang/String;)Ljava/lang/Class;+37 java.base@19.0.2
j  jdk.internal.loader.BuiltinClassLoader.loadClassOrNull(Ljava/lang/String;Z)Ljava/lang/Class;+111 java.base@19.0.2
j  jdk.internal.loader.BuiltinClassLoader.loadClass(Ljava/lang/String;Z)Ljava/lang/Class;+3 java.base@19.0.2
j  jdk.internal.loader.ClassLoaders$AppClassLoader.loadClass(Ljava/lang/String;Z)Ljava/lang/Class;+36 java.base@19.0.2
j  java.lang.ClassLoader.loadClass(Ljava/lang/String;)Ljava/lang/Class;+3 java.base@19.0.2
v  ~StubRoutines::call_stub 0x00000180eb07100e
j  java.lang.ClassLoader.defineClass1(Ljava/lang/ClassLoader;Ljava/lang/String;[BIILjava/security/ProtectionDomain;Ljava/lang/String;)Ljava/lang/Class;+0 java.base@19.0.2
j  java.lang.ClassLoader.defineClass(Ljava/lang/String;[BIILjava/security/ProtectionDomain;)Ljava/lang/Class;+27 java.base@19.0.2
j  java.security.SecureClassLoader.defineClass(Ljava/lang/String;[BIILjava/security/CodeSource;)Ljava/lang/Class;+12 java.base@19.0.2
j  jdk.internal.loader.BuiltinClassLoader.defineClass(Ljava/lang/String;Ljdk/internal/loader/Resource;)Ljava/lang/Class;+117 java.base@19.0.2
j  jdk.internal.loader.BuiltinClassLoader.findClassOnClassPathOrNull(Ljava/lang/String;)Ljava/lang/Class;+37 java.base@19.0.2
j  jdk.internal.loader.BuiltinClassLoader.loadClassOrNull(Ljava/lang/String;Z)Ljava/lang/Class;+111 java.base@19.0.2
j  jdk.internal.loader.BuiltinClassLoader.loadClass(Ljava/lang/String;Z)Ljava/lang/Class;+3 java.base@19.0.2
j  jdk.internal.loader.ClassLoaders$AppClassLoader.loadClass(Ljava/lang/String;Z)Ljava/lang/Class;+36 java.base@19.0.2
j  java.lang.ClassLoader.loadClass(Ljava/lang/String;)Ljava/lang/Class;+3 java.base@19.0.2
v  ~StubRoutines::call_stub 0x00000180eb07100e
j  sel2jave.main.main([Ljava/lang/String;)V+8
v  ~StubRoutines::call_stub 0x00000180eb07100e
--------------------------------------------------------------------------------
Decoding CodeBlob, name: DeoptimizationBlob, at  [0x00000180eb0d70a0, 0x00000180eb0d75c8]  1320 bytes
[MachCode]
  0x00000180eb0d70a0: 5548 8bec | 9c48 83ec | 0848 81ec | 8000 0000 | 4889 4424 | 7848 894c | 2470 4889 | 5424 6848 
  0x00000180eb0d70c0: 895c 2460 | 4889 6c24 | 5048 8974 | 2448 4889 | 7c24 404c | 8944 2438 | 4c89 4c24 | 304c 8954 
  0x00000180eb0d70e0: 2428 4c89 | 5c24 204c | 8964 2418 | 4c89 6c24 | 104c 8974 | 2408 4c89 | 3c24 4881 | ec80 0a00 
  0x00000180eb0d7100: 0048 0fae | 0424 c4e3 | 7d19 8424 | 4002 0000 | 01c4 e37d | 198c 2450 | 0200 0001 | c4e3 7d19 
  0x00000180eb0d7120: 9424 6002 | 0000 01c4 | e37d 199c | 2470 0200 | 0001 c4e3 | 7d19 a424 | 8002 0000 | 01c4 e37d 
  0x00000180eb0d7140: 19ac 2490 | 0200 0001 | c4e3 7d19 | b424 a002 | 0000 01c4 | e37d 19bc | 24b0 0200 | 0001 c463 
  0x00000180eb0d7160: 7d19 8424 | c002 0000 | 01c4 637d | 198c 24d0 | 0200 0001 | c463 7d19 | 9424 e002 | 0000 01c4 
  0x00000180eb0d7180: 637d 199c | 24f0 0200 | 0001 c463 | 7d19 a424 | 0003 0000 | 01c4 637d | 19ac 2410 | 0300 0001 
  0x00000180eb0d71a0: c463 7d19 | b424 2003 | 0000 01c4 | 637d 19bc | 2430 0300 | 0001 c5f8 | 7748 83ec | 2041 be00 
  0x00000180eb0d71c0: 0000 00e9 | 7402 0000 | 5548 8bec | 9c48 83ec | 0848 81ec | 8000 0000 | 4889 4424 | 7848 894c 
  0x00000180eb0d71e0: 2470 4889 | 5424 6848 | 895c 2460 | 4889 6c24 | 5048 8974 | 2448 4889 | 7c24 404c | 8944 2438 
  0x00000180eb0d7200: 4c89 4c24 | 304c 8954 | 2428 4c89 | 5c24 204c | 8964 2418 | 4c89 6c24 | 104c 8974 | 2408 4c89 
  0x00000180eb0d7220: 3c24 4881 | ec80 0a00 | 0048 0fae | 0424 c4e3 | 7d19 8424 | 4002 0000 | 01c4 e37d | 198c 2450 
  0x00000180eb0d7240: 0200 0001 | c4e3 7d19 | 9424 6002 | 0000 01c4 | e37d 199c | 2470 0200 | 0001 c4e3 | 7d19 a424 
  0x00000180eb0d7260: 8002 0000 | 01c4 e37d | 19ac 2490 | 0200 0001 | c4e3 7d19 | b424 a002 | 0000 01c4 | e37d 19bc 
  0x00000180eb0d7280: 24b0 0200 | 0001 c463 | 7d19 8424 | c002 0000 | 01c4 637d | 198c 24d0 | 0200 0001 | c463 7d19 
  0x00000180eb0d72a0: 9424 e002 | 0000 01c4 | 637d 199c | 24f0 0200 | 0001 c463 | 7d19 a424 | 0003 0000 | 01c4 637d 
  0x00000180eb0d72c0: 19ac 2410 | 0300 0001 | c463 7d19 | b424 2003 | 0000 01c4 | 637d 19bc | 2430 0300 | 0001 c5f8 
  0x00000180eb0d72e0: 7748 83ec | 2041 be03 | 0000 00e9 | 4c01 0000 | 4989 9728 | 0400 0049 | 8987 2004 | 0000 6800 
  0x00000180eb0d7300: 0000 0055 | 488b ec9c | 4883 ec08 | 4881 ec80 | 0000 0048 | 8944 2478 | 4889 4c24 | 7048 8954 
  0x00000180eb0d7320: 2468 4889 | 5c24 6048 | 896c 2450 | 4889 7424 | 4848 897c | 2440 4c89 | 4424 384c | 894c 2430 
  0x00000180eb0d7340: 4c89 5424 | 284c 895c | 2420 4c89 | 6424 184c | 896c 2410 | 4c89 7424 | 084c 893c | 2448 81ec 
  0x00000180eb0d7360: 800a 0000 | 480f ae04 | 24c4 e37d | 1984 2440 | 0200 0001 | c4e3 7d19 | 8c24 5002 | 0000 01c4 
  0x00000180eb0d7380: e37d 1994 | 2460 0200 | 0001 c4e3 | 7d19 9c24 | 7002 0000 | 01c4 e37d | 19a4 2480 | 0200 0001 
  0x00000180eb0d73a0: c4e3 7d19 | ac24 9002 | 0000 01c4 | e37d 19b4 | 24a0 0200 | 0001 c4e3 | 7d19 bc24 | b002 0000 
  0x00000180eb0d73c0: 01c4 637d | 1984 24c0 | 0200 0001 | c463 7d19 | 8c24 d002 | 0000 01c4 | 637d 1994 | 24e0 0200 
  0x00000180eb0d73e0: 0001 c463 | 7d19 9c24 | f002 0000 | 01c4 637d | 19a4 2400 | 0300 0001 | c463 7d19 | ac24 1003 
  0x00000180eb0d7400: 0000 01c4 | 637d 19b4 | 2420 0300 | 0001 c463 | 7d19 bc24 | 3003 0000 | 01c5 f877 | 4883 ec20 
  0x00000180eb0d7420: 41be 0100 | 0000 498b | 9728 0400 | 0048 8955 | 0849 c787 | 2804 0000 | 0000 0000 | c5f8 7749 
  0x00000180eb0d7440: 89a7 c002 | 0000 498b | cf41 8bd6 | 49ba 8007 | 23c0 fa7f | 0000 41ff | d249 c787 | c002 0000 
  0x00000180eb0d7460: 0000 0000 | 49c7 87c8 | 0200 0000 | 0000 00c5 | f877 488b | f844 8b77 | 3c41 83fe | 010f 8534 
  0x00000180eb0d7480: 0000 0049 | 8b87 2004 | 0000 498b | 9728 0400 | 0049 c787 | 2004 0000 | 0000 0000 | 49c7 8728 
  0x00000180eb0d74a0: 0400 0000 | 0000 0048 | 8984 2418 | 0b00 0048 | 8994 2408 | 0b00 00c5 | fb10 8424 | c000 0000 
  0x00000180eb0d74c0: 488b 8424 | 180b 0000 | 488b 9424 | 080b 0000 | 4881 c438 | 0b00 008b | 0f48 03e1 | 488b 6f30 
  0x00000180eb0d74e0: 488b 4f18 | 4883 c408 | 488b 7710 | 8b57 084c | 8bc4 8b5f | 0448 2be3 | 488b 1e48 | 83eb 1048 
  0x00000180eb0d7500: ff31 5548 | 8bec 482b | e348 c745 | f000 0000 | 004c 8945 | f84c 8bc4 | 4883 c608 | 4883 c108 
  0x00000180eb0d7520: ffca 75d4 | 48ff 3155 | 488b ec48 | 81ec 300b | 0000 c5fb | 1184 24c0 | 0000 0048 | 8984 2418 
  0x00000180eb0d7540: 0b00 00c5 | f877 4989 | afd0 0200 | 0049 ba43 | 750d eb80 | 0100 004d | 8997 c802 | 0000 4989 
  0x00000180eb0d7560: a7c0 0200 | 0048 83e4 | f049 8bcf | 418b d649 | baa0 5023 | c0fa 7f00 | 0041 ffd2 | 498b a7c0 
  0x00000180eb0d7580: 0200 0049 | c787 c002 | 0000 0000 | 0000 49c7 | 87d0 0200 | 0000 0000 | 0049 c787 | c802 0000 
  0x00000180eb0d75a0: 0000 0000 | c5f8 77c5 | fb10 8424 | c000 0000 | 488b 8424 | 180b 0000 | 488b 9424 | 080b 0000 
  0x00000180eb0d75c0: c9c3 f4f4 | f4f4 f4f4 
[/MachCode]
--------------------------------------------------------------------------------


Compiled method (c1)     321   26       3       java.lang.StringLatin1::indexOfChar (33 bytes)
 total in heap  [0x00000180e3b47690,0x00000180e3b47b60] = 1232
 relocation     [0x00000180e3b477f0,0x00000180e3b47838] = 72
 main code      [0x00000180e3b47840,0x00000180e3b47a40] = 512
 stub code      [0x00000180e3b47a40,0x00000180e3b47a78] = 56
 metadata       [0x00000180e3b47a78,0x00000180e3b47a80] = 8
 scopes data    [0x00000180e3b47a80,0x00000180e3b47ac0] = 64
 scopes pcs     [0x00000180e3b47ac0,0x00000180e3b47b40] = 128
 dependencies   [0x00000180e3b47b40,0x00000180e3b47b48] = 8
 nul chk table  [0x00000180e3b47b48,0x00000180e3b47b60] = 24

[Constant Pool (empty)]

[MachCode]
[Verified Entry Point]
  # {method} {0x000001808018dc28} 'indexOfChar' '([BIII)I' in 'java/lang/StringLatin1'
  # parm0:    rdx:rdx   = '[B'
  # parm1:    r8        = int
  # parm2:    r9        = int
  # parm3:    rdi       = int
  #           [sp+0x40]  (sp of caller)
  0x00000180e3b47840: e9bb 3254 | 07ff ff55 | 4883 ec30 

  0x00000180e3b4784c: ;   {metadata(method data for {method} {0x000001808018dc28} 'indexOfChar' '([BIII)I' in 'java/lang/StringLatin1')}
  0x00000180e3b4784c: 48b8 2824 | 3480 8001 | 0000 8bb0 | cc00 0000 | 83c6 0289 | b0cc 0000 | 0081 e6fe | 0700 0083 
  0x00000180e3b4786c: fe00 0f84 | 0801 0000 | 450f bec0 | e993 0000 | 0066 6690 

  0x00000180e3b47880: ; implicit exception: dispatches to 0x00000180e3b4799d
  0x00000180e3b47880: 443b 4a0c | 0f83 1d01 | 0000 4963 | c10f be44 | 0210 413b 

  0x00000180e3b47894: ;   {metadata(method data for {method} {0x000001808018dc28} 'indexOfChar' '([BIII)I' in 'java/lang/StringLatin1')}
  0x00000180e3b47894: c048 b828 | 2434 8080 | 0100 0048 | be40 0100 | 0000 0000 | 000f 840a | 0000 0048 | be30 0100 
  0x00000180e3b478b4: 0000 0000 | 0048 8b1c | 3048 8d5b | 0148 891c | 300f 8483 | 0000 0041 

  0x00000180e3b478cc: ;   {metadata(method data for {method} {0x000001808018dc28} 'indexOfChar' '([BIII)I' in 'java/lang/StringLatin1')}
  0x00000180e3b478cc: ffc1 48b8 | 2824 3480 | 8001 0000 | 8bb0 d000 | 0000 83c6 | 0289 b0d0 | 0000 0081 | e6fe 3f00 
  0x00000180e3b478ec: 0083 fe00 | 0f84 bf00 | 0000 4d8b | 9780 0300 

  0x00000180e3b478fc: ; ImmutableOopMap {rdx=Oop }
                      ;*goto {reexecute=1 rethrow=0 return_oop=0}
                      ; - (reexecute) java.lang.StringLatin1::indexOfChar@28 (line 216)
                      ;   {poll}
  0x00000180e3b478fc: 0041 8502 

  0x00000180e3b47900: ;   {metadata(method data for {method} {0x000001808018dc28} 'indexOfChar' '([BIII)I' in 'java/lang/StringLatin1')}
  0x00000180e3b47900: 48b8 2824 | 3480 8001 | 0000 ff80 | 5001 0000 

  0x00000180e3b47910: ;   {metadata(method data for {method} {0x000001808018dc28} 'indexOfChar' '([BIII)I' in 'java/lang/StringLatin1')}
  0x00000180e3b47910: 443b cf48 | b828 2434 | 8080 0100 | 0048 be10 | 0100 0000 | 0000 000f | 8d0a 0000 | 0048 be20 
  0x00000180e3b47930: 0100 0000 | 0000 0048 | 8b1c 3048 | 8d5b 0148 | 891c 300f | 8d1b 0000 | 00e9 32ff | ffff 498b 
  0x00000180e3b47950: c148 83c4 

  0x00000180e3b47954: ;   {poll_return}
  0x00000180e3b47954: 305d 493b | a778 0300 | 000f 8773 | 0000 00c3 | b8ff ffff | ff48 83c4 

  0x00000180e3b4796c: ;   {poll_return}
  0x00000180e3b4796c: 305d 493b | a778 0300 | 000f 8771 | 0000 00c3 

  0x00000180e3b4797c: ;   {metadata({method} {0x000001808018dc28} 'indexOfChar' '([BIII)I' in 'java/lang/StringLatin1')}
  0x00000180e3b4797c: 49ba 20dc | 1880 8001 | 0000 4c89 | 5424 0848 | c704 24ff 

  0x00000180e3b47990: ;   {runtime_call counter_overflow Runtime1 stub}
  0x00000180e3b47990: ffff ffe8 

  0x00000180e3b47994: ; ImmutableOopMap {rdx=Oop }
                      ;*synchronization entry
                      ; - java.lang.StringLatin1::indexOfChar@-1 (line 215)
  0x00000180e3b47994: e86a 6307 | e9d7 feff 

  0x00000180e3b4799c: ;   {runtime_call throw_null_pointer_exception Runtime1 stub}
  0x00000180e3b4799c: ffe8 fe19 

  0x00000180e3b479a0: ; ImmutableOopMap {rdx=Oop }
                      ;*baload {reexecute=0 rethrow=0 return_oop=0}
                      ; - java.lang.StringLatin1::indexOfChar@16 (line 217)
                      ;   {runtime_call throw_null_pointer_exception Runtime1 stub}
  0x00000180e3b479a0: 6307 e8f9 

  0x00000180e3b479a4: ; ImmutableOopMap {rdx=Oop }
                      ;*baload {reexecute=0 rethrow=0 return_oop=0}
                      ; - java.lang.StringLatin1::indexOfChar@16 (line 217)
  0x00000180e3b479a4: 1963 074c | 890c 2448 | 8954 2408 

  0x00000180e3b479b0: ;   {runtime_call throw_range_check_failed Runtime1 stub}
  0x00000180e3b479b0: e8eb 1063 

  0x00000180e3b479b4: ; ImmutableOopMap {rdx=Oop }
                      ;*baload {reexecute=0 rethrow=0 return_oop=0}
                      ; - java.lang.StringLatin1::indexOfChar@16 (line 217)
                      ;   {metadata({method} {0x000001808018dc28} 'indexOfChar' '([BIII)I' in 'java/lang/StringLatin1')}
  0x00000180e3b479b4: 0749 ba20 | dc18 8080 | 0100 004c | 8954 2408 | 48c7 0424 | 1c00 0000 

  0x00000180e3b479cc: ;   {runtime_call counter_overflow Runtime1 stub}
  0x00000180e3b479cc: e8af 6a63 

  0x00000180e3b479d0: ; ImmutableOopMap {rdx=Oop }
                      ;*goto {reexecute=1 rethrow=0 return_oop=0}
                      ; - (reexecute) java.lang.StringLatin1::indexOfChar@28 (line 216)
  0x00000180e3b479d0: 07e9 20ff 

  0x00000180e3b479d4: ;   {internal_word}
  0x00000180e3b479d4: ffff 49ba | 5679 b4e3 | 8001 0000 | 4d89 9790 

  0x00000180e3b479e4: ;   {runtime_call SafepointBlob}
  0x00000180e3b479e4: 0300 00e9 | 1404 5907 

  0x00000180e3b479ec: ;   {internal_word}
  0x00000180e3b479ec: 49ba 6e79 | b4e3 8001 | 0000 4d89 | 9790 0300 

  0x00000180e3b479fc: ;   {runtime_call SafepointBlob}
  0x00000180e3b479fc: 00e9 fe03 | 5907 498b | 8720 0400 | 0049 c787 | 2004 0000 | 0000 0000 | 49c7 8728 | 0400 0000 
  0x00000180e3b47a1c: 0000 0048 | 83c4 305d 

  0x00000180e3b47a24: ;   {runtime_call unwind_exception Runtime1 stub}
  0x00000180e3b47a24: e9d7 395a | 07f4 f4f4 | f4f4 f4f4 | f4f4 f4f4 | f4f4 f4f4 | f4f4 f4f4 | f4f4 f4f4 
[Exception Handler]
  0x00000180e3b47a40: ;   {no_reloc}
  0x00000180e3b47a40: e83b 3763 

  0x00000180e3b47a44: ;   {external_word}
  0x00000180e3b47a44: 0748 b928 | 4990 c0fa | 7f00 0048 

  0x00000180e3b47a50: ;   {runtime_call}
  0x00000180e3b47a50: 83e4 f049 | bab0 f85b | c0fa 7f00 | 0041 ffd2 

  0x00000180e3b47a60: ;   {section_word}
  0x00000180e3b47a60: f449 ba61 | 7ab4 e380 | 0100 0041 

  0x00000180e3b47a6c: ;   {runtime_call DeoptimizationBlob}
  0x00000180e3b47a6c: 52e9 2ef6 | 5807 f4f4 | f4f4 f4f4 
[/MachCode]


Compiled method (c1)     325  151       3       java.lang.StringLatin1::indexOf (36 bytes)
 total in heap  [0x00000180e3b70790,0x00000180e3b70d08] = 1400
 relocation     [0x00000180e3b708f0,0x00000180e3b70950] = 96
 main code      [0x00000180e3b70960,0x00000180e3b70c00] = 672
 stub code      [0x00000180e3b70c00,0x00000180e3b70c48] = 72
 metadata       [0x00000180e3b70c48,0x00000180e3b70c58] = 16
 scopes data    [0x00000180e3b70c58,0x00000180e3b70c90] = 56
 scopes pcs     [0x00000180e3b70c90,0x00000180e3b70cf0] = 96
 dependencies   [0x00000180e3b70cf0,0x00000180e3b70cf8] = 8
 nul chk table  [0x00000180e3b70cf8,0x00000180e3b70d08] = 16

[Constant Pool (empty)]

[MachCode]
[Verified Entry Point]
  # {method} {0x000001808018db18} 'indexOf' '([BII)I' in 'java/lang/StringLatin1'
  # parm0:    rdx:rdx   = '[B'
  # parm1:    r8        = int
  # parm2:    r9        = int
  #           [sp+0x60]  (sp of caller)
  0x00000180e3b70960: 8984 2400 | 90ff ff55 | 4883 ec50 

  0x00000180e3b7096c: ;   {metadata(method data for {method} {0x000001808018db18} 'indexOf' '([BII)I' in 'java/lang/StringLatin1')}
  0x00000180e3b7096c: 48b8 382e | 3480 8001 | 0000 8bb8 | cc00 0000 | 83c7 0289 | b8cc 0000 | 0081 e7fe | 0700 0083 
  0x00000180e3b7098c: ff00 0f84 | bb01 0000 

  0x00000180e3b70994: ;   {metadata(method data for {method} {0x000001808018db18} 'indexOf' '([BII)I' in 'java/lang/StringLatin1')}
  0x00000180e3b70994: 48b8 382e | 3480 8001 | 0000 4883 | 8010 0100 

  0x00000180e3b709a4: ;   {metadata(method data for {method} {0x000001808018c9d0} 'canEncode' '(I)Z' in 'java/lang/StringLatin1')}
  0x00000180e3b709a4: 0001 48b8 | 5829 3480 | 8001 0000 | 8bb8 cc00 | 0000 83c7 | 0289 b8cc | 0000 0081 | e7fe ff1f 
  0x00000180e3b709c4: 0083 ff00 | 0f84 a201 | 0000 498b | c0c1 e808 

  0x00000180e3b709d4: ;   {metadata(method data for {method} {0x000001808018c9d0} 'canEncode' '(I)Z' in 'java/lang/StringLatin1')}
  0x00000180e3b709d4: 83f8 0048 | b858 2934 | 8080 0100 | 0048 bf10 | 0100 0000 | 0000 000f | 850a 0000 | 0048 bf20 
  0x00000180e3b709f4: 0100 0000 | 0000 0048 | 8b34 3848 | 8d76 0148 | 8934 380f | 851a 0000 

  0x00000180e3b70a0c: ;   {metadata(method data for {method} {0x000001808018c9d0} 'canEncode' '(I)Z' in 'java/lang/StringLatin1')}
  0x00000180e3b70a0c: 0048 b858 | 2934 8080 | 0100 00ff | 8030 0100 | 00b8 0100 | 0000 e905 | 0000 00b8 | 0000 0000 
  0x00000180e3b70a2c: 83e0 0183 

  0x00000180e3b70a30: ;   {metadata(method data for {method} {0x000001808018db18} 'indexOf' '([BII)I' in 'java/lang/StringLatin1')}
  0x00000180e3b70a30: f800 48b8 | 382e 3480 | 8001 0000 | 48bf 3001 | 0000 0000 | 0000 0f84 | 0a00 0000 | 48bf 2001 
  0x00000180e3b70a50: 0000 0000 | 0000 488b | 3438 488d | 7601 4889 | 3438 0f84 | cf00 0000 

  0x00000180e3b70a68: ; implicit exception: dispatches to 0x00000180e3b70b91
  0x00000180e3b70a68: 8b7a 0c41 

  0x00000180e3b70a6c: ;   {metadata(method data for {method} {0x000001808018db18} 'indexOf' '([BII)I' in 'java/lang/StringLatin1')}
  0x00000180e3b70a6c: 83f9 0048 | b838 2e34 | 8080 0100 | 0048 be50 | 0100 0000 | 0000 000f | 8c0a 0000 | 0048 be40 
  0x00000180e3b70a8c: 0100 0000 | 0000 0048 | 8b1c 3048 | 8d5b 0148 | 891c 300f | 8c51 0000 | 0044 3bcf 

  0x00000180e3b70aa8: ;   {metadata(method data for {method} {0x000001808018db18} 'indexOf' '([BII)I' in 'java/lang/StringLatin1')}
  0x00000180e3b70aa8: 48b8 382e | 3480 8001 | 0000 48be | 7801 0000 | 0000 0000 | 0f8c 0a00 | 0000 48be | 8801 0000 
  0x00000180e3b70ac8: 0000 0000 | 488b 1c30 | 488d 5b01 | 4889 1c30 | 0f8c 2f00 | 0000 b8ff | ffff ff48 | 83c4 505d 
  0x00000180e3b70ae8: ;   {poll_return}
  0x00000180e3b70ae8: 493b a778 | 0300 000f | 87a1 0000 

  0x00000180e3b70af4: ;   {metadata(method data for {method} {0x000001808018db18} 'indexOf' '([BII)I' in 'java/lang/StringLatin1')}
  0x00000180e3b70af4: 00c3 49b9 | 382e 3480 | 8001 0000 | 41ff 8160 | 0100 0041 | b900 0000 

  0x00000180e3b70b0c: ;   {metadata(method data for {method} {0x000001808018db18} 'indexOf' '([BII)I' in 'java/lang/StringLatin1')}
  0x00000180e3b70b0c: 0048 be38 | 2e34 8080 | 0100 0048 | 8386 9801 

  0x00000180e3b70b1c: ;   {static_call}
  0x00000180e3b70b1c: 0000 01e8 

  0x00000180e3b70b20: ; ImmutableOopMap {}
                      ;*invokestatic indexOfChar {reexecute=0 rethrow=0 return_oop=0}
                      ; - java.lang.StringLatin1::indexOf@32 (line 210)
  0x00000180e3b70b20: 1c6d fdff | 4883 c450 

  0x00000180e3b70b28: ;   {poll_return}
  0x00000180e3b70b28: 5d49 3ba7 | 7803 0000 | 0f87 7600 | 0000 c3b8 | ffff ffff | 4883 c450 

  0x00000180e3b70b40: ;   {poll_return}
  0x00000180e3b70b40: 5d49 3ba7 | 7803 0000 | 0f87 7400 

  0x00000180e3b70b4c: ;   {metadata({method} {0x000001808018db18} 'indexOf' '([BII)I' in 'java/lang/StringLatin1')}
  0x00000180e3b70b4c: 0000 c349 | ba10 db18 | 8080 0100 | 004c 8954 | 2408 48c7 | 0424 ffff 

  0x00000180e3b70b64: ;   {runtime_call counter_overflow Runtime1 stub}
  0x00000180e3b70b64: ffff e815 

  0x00000180e3b70b68: ; ImmutableOopMap {rdx=Oop }
                      ;*synchronization entry
                      ; - java.lang.StringLatin1::indexOf@-1 (line 200)
  0x00000180e3b70b68: d960 07e9 | 24fe ffff 

  0x00000180e3b70b70: ;   {metadata({method} {0x000001808018c9d0} 'canEncode' '(I)Z' in 'java/lang/StringLatin1')}
  0x00000180e3b70b70: 49ba c8c9 | 1880 8001 | 0000 4c89 | 5424 0848 | c704 24ff 

  0x00000180e3b70b84: ;   {runtime_call counter_overflow Runtime1 stub}
  0x00000180e3b70b84: ffff ffe8 

  0x00000180e3b70b88: ; ImmutableOopMap {rdx=Oop }
                      ;*synchronization entry
                      ; - java.lang.StringLatin1::canEncode@-1 (line 51)
                      ; - java.lang.StringLatin1::indexOf@1 (line 200)
  0x00000180e3b70b88: f4d8 6007 | e93d feff 

  0x00000180e3b70b90: ;   {runtime_call throw_null_pointer_exception Runtime1 stub}
  0x00000180e3b70b90: ffe8 0a88 

  0x00000180e3b70b94: ; ImmutableOopMap {rdx=Oop }
                      ;*arraylength {reexecute=0 rethrow=0 return_oop=0}
                      ; - java.lang.StringLatin1::indexOf@10 (line 203)
                      ;   {internal_word}
  0x00000180e3b70b94: 6007 49ba | e80a b7e3 | 8001 0000 | 4d89 9790 

  0x00000180e3b70ba4: ;   {runtime_call SafepointBlob}
  0x00000180e3b70ba4: 0300 00e9 | 5472 5607 

  0x00000180e3b70bac: ;   {internal_word}
  0x00000180e3b70bac: 49ba 290b | b7e3 8001 | 0000 4d89 | 9790 0300 

  0x00000180e3b70bbc: ;   {runtime_call SafepointBlob}
  0x00000180e3b70bbc: 00e9 3e72 

  0x00000180e3b70bc0: ;   {internal_word}
  0x00000180e3b70bc0: 5607 49ba | 410b b7e3 | 8001 0000 | 4d89 9790 

  0x00000180e3b70bd0: ;   {runtime_call SafepointBlob}
  0x00000180e3b70bd0: 0300 00e9 | 2872 5607 | 498b 8720 | 0400 0049 | c787 2004 | 0000 0000 | 0000 49c7 | 8728 0400 
  0x00000180e3b70bf0: 0000 0000 | 0048 83c4 

  0x00000180e3b70bf8: ;   {runtime_call unwind_exception Runtime1 stub}
  0x00000180e3b70bf8: 505d e901 | a857 07f4 
[Stub Code]
  0x00000180e3b70c00: ;   {no_reloc}
  0x00000180e3b70c00: 0f1f 4400 

  0x00000180e3b70c04: ;   {static_stub}
  0x00000180e3b70c04: 0048 bb00 | 0000 0000 

  0x00000180e3b70c0c: ;   {runtime_call}
  0x00000180e3b70c0c: 0000 00e9 | fbff ffff 
[Exception Handler]
  0x00000180e3b70c14: ;   {runtime_call handle_exception_from_callee Runtime1 stub}
  0x00000180e3b70c14: e867 a560 

  0x00000180e3b70c18: ;   {external_word}
  0x00000180e3b70c18: 0748 b928 | 4990 c0fa | 7f00 0048 

  0x00000180e3b70c24: ;   {runtime_call}
  0x00000180e3b70c24: 83e4 f049 | bab0 f85b | c0fa 7f00 | 0041 ffd2 

  0x00000180e3b70c34: ;   {section_word}
  0x00000180e3b70c34: f449 ba35 | 0cb7 e380 | 0100 0041 

  0x00000180e3b70c40: ;   {runtime_call DeoptimizationBlob}
  0x00000180e3b70c40: 52e9 5a64 | 5607 f4f4 
[/MachCode]


---------------  P R O C E S S  ---------------

Threads class SMR info:
_java_thread_list=0x00000180845506b0, length=13, elements={
0x00000180dbbe4000, 0x0000018084082550, 0x0000018084083840, 0x000001808400ab60,
0x000001808400d4b0, 0x000001808400d9f0, 0x000001808400e6d0, 0x000001808405e7e0,
0x000001808405fca0, 0x00000180fa38afe0, 0x00000180841f7600, 0x0000018084225720,
0x0000018084224d30
}

Java Threads: ( => current thread )
=>0x00000180dbbe4000 JavaThread "main" [_thread_in_Java, id=27392, stack(0x0000000ec7b00000,0x0000000ec7c00000)]
  0x0000018084082550 JavaThread "Reference Handler" daemon [_thread_blocked, id=25492, stack(0x0000000ec8200000,0x0000000ec8300000)]
  0x0000018084083840 JavaThread "Finalizer" daemon [_thread_blocked, id=14520, stack(0x0000000ec8300000,0x0000000ec8400000)]
  0x000001808400ab60 JavaThread "Signal Dispatcher" daemon [_thread_blocked, id=20572, stack(0x0000000ec8400000,0x0000000ec8500000)]
  0x000001808400d4b0 JavaThread "Attach Listener" daemon [_thread_blocked, id=23248, stack(0x0000000ec8500000,0x0000000ec8600000)]
  0x000001808400d9f0 JavaThread "Service Thread" daemon [_thread_blocked, id=28248, stack(0x0000000ec8600000,0x0000000ec8700000)]
  0x000001808400e6d0 JavaThread "Monitor Deflation Thread" daemon [_thread_blocked, id=1828, stack(0x0000000ec8700000,0x0000000ec8800000)]
  0x000001808405e7e0 JavaThread "C2 CompilerThread0" daemon [_thread_blocked, id=23464, stack(0x0000000ec8800000,0x0000000ec8900000)]
  0x000001808405fca0 JavaThread "C1 CompilerThread0" daemon [_thread_blocked, id=12664, stack(0x0000000ec8900000,0x0000000ec8a00000)]
  0x00000180fa38afe0 JavaThread "Sweeper thread" daemon [_thread_blocked, id=21780, stack(0x0000000ec8a00000,0x0000000ec8b00000)]
  0x00000180841f7600 JavaThread "Notification Thread" daemon [_thread_blocked, id=27156, stack(0x0000000ec8b00000,0x0000000ec8c00000)]
  0x0000018084225720 JavaThread "Common-Cleaner" daemon [_thread_blocked, id=19688, stack(0x0000000ec8d00000,0x0000000ec8e00000)]
  0x0000018084224d30 JavaThread "C2 CompilerThread1" daemon [_thread_blocked, id=25048, stack(0x0000000ec8e00000,0x0000000ec8f00000)]

Other Threads:
  0x00000180fa386520 VMThread "VM Thread" [stack: 0x0000000ec8100000,0x0000000ec8200000] [id=19332]
  0x00000180841808c0 WatcherThread "VM Periodic Task Thread" [stack: 0x0000000ec8c00000,0x0000000ec8d00000] [id=3900]
  0x00000180dbc43dc0 WorkerThread "GC Thread#0" [stack: 0x0000000ec7c00000,0x0000000ec7d00000] [id=21024]
  0x00000180dbc54820 ConcurrentGCThread "G1 Main Marker" [stack: 0x0000000ec7d00000,0x0000000ec7e00000] [id=10736]
  0x00000180dbc55250 WorkerThread "G1 Conc#0" [stack: 0x0000000ec7e00000,0x0000000ec7f00000] [id=12276]
  0x00000180fa1df540 ConcurrentGCThread "G1 Refine#0" [stack: 0x0000000ec7f00000,0x0000000ec8000000] [id=7716]
  0x00000180fa1e1950 ConcurrentGCThread "G1 Service" [stack: 0x0000000ec8000000,0x0000000ec8100000] [id=26116]

Threads with active compile tasks:

VM state: not at safepoint (normal execution)

VM Mutex/Monitor currently owned by a thread: None

Heap address: 0x0000000082800000, size: 2008 MB, Compressed Oops mode: 32-bit

CDS archive(s) not mapped
Compressed class space mapped at: 0x0000000100000000-0x0000000140000000, reserved size: 1073741824
Narrow klass base: 0x0000000000000000, Narrow klass shift: 3, Narrow klass range: 0x140000000

GC Precious Log:
 CardTable entry size: 512
 Card Set container configuration: InlinePtr #cards 5 size 8 Array Of Cards #cards 12 size 40 Howl #buckets 4 coarsen threshold 1843 Howl Bitmap #cards 512 size 80 coarsen threshold 460 Card regions per heap region 1 cards per card region 2048
 CPUs: 8 total, 8 available
 Memory: 8029M
 Large Page Support: Disabled
 NUMA Support: Disabled
 Compressed Oops: Enabled (32-bit)
 Heap Region Size: 1M
 Heap Min Capacity: 8M
 Heap Initial Capacity: 126M
 Heap Max Capacity: 2008M
 Pre-touch: Disabled
 Parallel Workers: 8
 Concurrent Workers: 2
 Concurrent Refinement Workers: 8
 Periodic GC: Disabled

Heap:
 garbage-first heap   total 129024K, used 3072K [0x0000000082800000, 0x0000000100000000)
  region size 1024K, 4 young (4096K), 0 survivors (0K)
 Metaspace       used 5155K, committed 5312K, reserved 1114112K
  class space    used 417K, committed 512K, reserved 1048576K

Heap Regions: E=young(eden), S=young(survivor), O=old, HS=humongous(starts), HC=humongous(continues), CS=collection set, F=free, OA=open archive, CA=closed archive, TAMS=top-at-mark-start (previous, next)
|   0|0x0000000082800000, 0x0000000082800000, 0x0000000082900000|  0%| F|  |TAMS 0x0000000082800000, 0x0000000082800000| Untracked 
|   1|0x0000000082900000, 0x0000000082900000, 0x0000000082a00000|  0%| F|  |TAMS 0x0000000082900000, 0x0000000082900000| Untracked 
|   2|0x0000000082a00000, 0x0000000082a00000, 0x0000000082b00000|  0%| F|  |TAMS 0x0000000082a00000, 0x0000000082a00000| Untracked 
|   3|0x0000000082b00000, 0x0000000082b00000, 0x0000000082c00000|  0%| F|  |TAMS 0x0000000082b00000, 0x0000000082b00000| Untracked 
|   4|0x0000000082c00000, 0x0000000082c00000, 0x0000000082d00000|  0%| F|  |TAMS 0x0000000082c00000, 0x0000000082c00000| Untracked 
|   5|0x0000000082d00000, 0x0000000082d00000, 0x0000000082e00000|  0%| F|  |TAMS 0x0000000082d00000, 0x0000000082d00000| Untracked 
|   6|0x0000000082e00000, 0x0000000082e00000, 0x0000000082f00000|  0%| F|  |TAMS 0x0000000082e00000, 0x0000000082e00000| Untracked 
|   7|0x0000000082f00000, 0x0000000082f00000, 0x0000000083000000|  0%| F|  |TAMS 0x0000000082f00000, 0x0000000082f00000| Untracked 
|   8|0x0000000083000000, 0x0000000083000000, 0x0000000083100000|  0%| F|  |TAMS 0x0000000083000000, 0x0000000083000000| Untracked 
|   9|0x0000000083100000, 0x0000000083100000, 0x0000000083200000|  0%| F|  |TAMS 0x0000000083100000, 0x0000000083100000| Untracked 
|  10|0x0000000083200000, 0x0000000083200000, 0x0000000083300000|  0%| F|  |TAMS 0x0000000083200000, 0x0000000083200000| Untracked 
|  11|0x0000000083300000, 0x0000000083300000, 0x0000000083400000|  0%| F|  |TAMS 0x0000000083300000, 0x0000000083300000| Untracked 
|  12|0x0000000083400000, 0x0000000083400000, 0x0000000083500000|  0%| F|  |TAMS 0x0000000083400000, 0x0000000083400000| Untracked 
|  13|0x0000000083500000, 0x0000000083500000, 0x0000000083600000|  0%| F|  |TAMS 0x0000000083500000, 0x0000000083500000| Untracked 
|  14|0x0000000083600000, 0x0000000083600000, 0x0000000083700000|  0%| F|  |TAMS 0x0000000083600000, 0x0000000083600000| Untracked 
|  15|0x0000000083700000, 0x0000000083700000, 0x0000000083800000|  0%| F|  |TAMS 0x0000000083700000, 0x0000000083700000| Untracked 
|  16|0x0000000083800000, 0x0000000083800000, 0x0000000083900000|  0%| F|  |TAMS 0x0000000083800000, 0x0000000083800000| Untracked 
|  17|0x0000000083900000, 0x0000000083900000, 0x0000000083a00000|  0%| F|  |TAMS 0x0000000083900000, 0x0000000083900000| Untracked 
|  18|0x0000000083a00000, 0x0000000083a00000, 0x0000000083b00000|  0%| F|  |TAMS 0x0000000083a00000, 0x0000000083a00000| Untracked 
|  19|0x0000000083b00000, 0x0000000083b00000, 0x0000000083c00000|  0%| F|  |TAMS 0x0000000083b00000, 0x0000000083b00000| Untracked 
|  20|0x0000000083c00000, 0x0000000083c00000, 0x0000000083d00000|  0%| F|  |TAMS 0x0000000083c00000, 0x0000000083c00000| Untracked 
|  21|0x0000000083d00000, 0x0000000083d00000, 0x0000000083e00000|  0%| F|  |TAMS 0x0000000083d00000, 0x0000000083d00000| Untracked 
|  22|0x0000000083e00000, 0x0000000083e00000, 0x0000000083f00000|  0%| F|  |TAMS 0x0000000083e00000, 0x0000000083e00000| Untracked 
|  23|0x0000000083f00000, 0x0000000083f00000, 0x0000000084000000|  0%| F|  |TAMS 0x0000000083f00000, 0x0000000083f00000| Untracked 
|  24|0x0000000084000000, 0x0000000084000000, 0x0000000084100000|  0%| F|  |TAMS 0x0000000084000000, 0x0000000084000000| Untracked 
|  25|0x0000000084100000, 0x0000000084100000, 0x0000000084200000|  0%| F|  |TAMS 0x0000000084100000, 0x0000000084100000| Untracked 
|  26|0x0000000084200000, 0x0000000084200000, 0x0000000084300000|  0%| F|  |TAMS 0x0000000084200000, 0x0000000084200000| Untracked 
|  27|0x0000000084300000, 0x0000000084300000, 0x0000000084400000|  0%| F|  |TAMS 0x0000000084300000, 0x0000000084300000| Untracked 
|  28|0x0000000084400000, 0x0000000084400000, 0x0000000084500000|  0%| F|  |TAMS 0x0000000084400000, 0x0000000084400000| Untracked 
|  29|0x0000000084500000, 0x0000000084500000, 0x0000000084600000|  0%| F|  |TAMS 0x0000000084500000, 0x0000000084500000| Untracked 
|  30|0x0000000084600000, 0x0000000084600000, 0x0000000084700000|  0%| F|  |TAMS 0x0000000084600000, 0x0000000084600000| Untracked 
|  31|0x0000000084700000, 0x0000000084700000, 0x0000000084800000|  0%| F|  |TAMS 0x0000000084700000, 0x0000000084700000| Untracked 
|  32|0x0000000084800000, 0x0000000084800000, 0x0000000084900000|  0%| F|  |TAMS 0x0000000084800000, 0x0000000084800000| Untracked 
|  33|0x0000000084900000, 0x0000000084900000, 0x0000000084a00000|  0%| F|  |TAMS 0x0000000084900000, 0x0000000084900000| Untracked 
|  34|0x0000000084a00000, 0x0000000084a00000, 0x0000000084b00000|  0%| F|  |TAMS 0x0000000084a00000, 0x0000000084a00000| Untracked 
|  35|0x0000000084b00000, 0x0000000084b00000, 0x0000000084c00000|  0%| F|  |TAMS 0x0000000084b00000, 0x0000000084b00000| Untracked 
|  36|0x0000000084c00000, 0x0000000084c00000, 0x0000000084d00000|  0%| F|  |TAMS 0x0000000084c00000, 0x0000000084c00000| Untracked 
|  37|0x0000000084d00000, 0x0000000084d00000, 0x0000000084e00000|  0%| F|  |TAMS 0x0000000084d00000, 0x0000000084d00000| Untracked 
|  38|0x0000000084e00000, 0x0000000084e00000, 0x0000000084f00000|  0%| F|  |TAMS 0x0000000084e00000, 0x0000000084e00000| Untracked 
|  39|0x0000000084f00000, 0x0000000084f00000, 0x0000000085000000|  0%| F|  |TAMS 0x0000000084f00000, 0x0000000084f00000| Untracked 
|  40|0x0000000085000000, 0x0000000085000000, 0x0000000085100000|  0%| F|  |TAMS 0x0000000085000000, 0x0000000085000000| Untracked 
|  41|0x0000000085100000, 0x0000000085100000, 0x0000000085200000|  0%| F|  |TAMS 0x0000000085100000, 0x0000000085100000| Untracked 
|  42|0x0000000085200000, 0x0000000085200000, 0x0000000085300000|  0%| F|  |TAMS 0x0000000085200000, 0x0000000085200000| Untracked 
|  43|0x0000000085300000, 0x0000000085300000, 0x0000000085400000|  0%| F|  |TAMS 0x0000000085300000, 0x0000000085300000| Untracked 
|  44|0x0000000085400000, 0x0000000085400000, 0x0000000085500000|  0%| F|  |TAMS 0x0000000085400000, 0x0000000085400000| Untracked 
|  45|0x0000000085500000, 0x0000000085500000, 0x0000000085600000|  0%| F|  |TAMS 0x0000000085500000, 0x0000000085500000| Untracked 
|  46|0x0000000085600000, 0x0000000085600000, 0x0000000085700000|  0%| F|  |TAMS 0x0000000085600000, 0x0000000085600000| Untracked 
|  47|0x0000000085700000, 0x0000000085700000, 0x0000000085800000|  0%| F|  |TAMS 0x0000000085700000, 0x0000000085700000| Untracked 
|  48|0x0000000085800000, 0x0000000085800000, 0x0000000085900000|  0%| F|  |TAMS 0x0000000085800000, 0x0000000085800000| Untracked 
|  49|0x0000000085900000, 0x0000000085900000, 0x0000000085a00000|  0%| F|  |TAMS 0x0000000085900000, 0x0000000085900000| Untracked 
|  50|0x0000000085a00000, 0x0000000085a00000, 0x0000000085b00000|  0%| F|  |TAMS 0x0000000085a00000, 0x0000000085a00000| Untracked 
|  51|0x0000000085b00000, 0x0000000085b00000, 0x0000000085c00000|  0%| F|  |TAMS 0x0000000085b00000, 0x0000000085b00000| Untracked 
|  52|0x0000000085c00000, 0x0000000085c00000, 0x0000000085d00000|  0%| F|  |TAMS 0x0000000085c00000, 0x0000000085c00000| Untracked 
|  53|0x0000000085d00000, 0x0000000085d00000, 0x0000000085e00000|  0%| F|  |TAMS 0x0000000085d00000, 0x0000000085d00000| Untracked 
|  54|0x0000000085e00000, 0x0000000085e00000, 0x0000000085f00000|  0%| F|  |TAMS 0x0000000085e00000, 0x0000000085e00000| Untracked 
|  55|0x0000000085f00000, 0x0000000085f00000, 0x0000000086000000|  0%| F|  |TAMS 0x0000000085f00000, 0x0000000085f00000| Untracked 
|  56|0x0000000086000000, 0x0000000086000000, 0x0000000086100000|  0%| F|  |TAMS 0x0000000086000000, 0x0000000086000000| Untracked 
|  57|0x0000000086100000, 0x0000000086100000, 0x0000000086200000|  0%| F|  |TAMS 0x0000000086100000, 0x0000000086100000| Untracked 
|  58|0x0000000086200000, 0x0000000086200000, 0x0000000086300000|  0%| F|  |TAMS 0x0000000086200000, 0x0000000086200000| Untracked 
|  59|0x0000000086300000, 0x0000000086300000, 0x0000000086400000|  0%| F|  |TAMS 0x0000000086300000, 0x0000000086300000| Untracked 
|  60|0x0000000086400000, 0x0000000086400000, 0x0000000086500000|  0%| F|  |TAMS 0x0000000086400000, 0x0000000086400000| Untracked 
|  61|0x0000000086500000, 0x0000000086500000, 0x0000000086600000|  0%| F|  |TAMS 0x0000000086500000, 0x0000000086500000| Untracked 
|  62|0x0000000086600000, 0x0000000086600000, 0x0000000086700000|  0%| F|  |TAMS 0x0000000086600000, 0x0000000086600000| Untracked 
|  63|0x0000000086700000, 0x0000000086700000, 0x0000000086800000|  0%| F|  |TAMS 0x0000000086700000, 0x0000000086700000| Untracked 
|  64|0x0000000086800000, 0x0000000086800000, 0x0000000086900000|  0%| F|  |TAMS 0x0000000086800000, 0x0000000086800000| Untracked 
|  65|0x0000000086900000, 0x0000000086900000, 0x0000000086a00000|  0%| F|  |TAMS 0x0000000086900000, 0x0000000086900000| Untracked 
|  66|0x0000000086a00000, 0x0000000086a00000, 0x0000000086b00000|  0%| F|  |TAMS 0x0000000086a00000, 0x0000000086a00000| Untracked 
|  67|0x0000000086b00000, 0x0000000086b00000, 0x0000000086c00000|  0%| F|  |TAMS 0x0000000086b00000, 0x0000000086b00000| Untracked 
|  68|0x0000000086c00000, 0x0000000086c00000, 0x0000000086d00000|  0%| F|  |TAMS 0x0000000086c00000, 0x0000000086c00000| Untracked 
|  69|0x0000000086d00000, 0x0000000086d00000, 0x0000000086e00000|  0%| F|  |TAMS 0x0000000086d00000, 0x0000000086d00000| Untracked 
|  70|0x0000000086e00000, 0x0000000086e00000, 0x0000000086f00000|  0%| F|  |TAMS 0x0000000086e00000, 0x0000000086e00000| Untracked 
|  71|0x0000000086f00000, 0x0000000086f00000, 0x0000000087000000|  0%| F|  |TAMS 0x0000000086f00000, 0x0000000086f00000| Untracked 
|  72|0x0000000087000000, 0x0000000087000000, 0x0000000087100000|  0%| F|  |TAMS 0x0000000087000000, 0x0000000087000000| Untracked 
|  73|0x0000000087100000, 0x0000000087100000, 0x0000000087200000|  0%| F|  |TAMS 0x0000000087100000, 0x0000000087100000| Untracked 
|  74|0x0000000087200000, 0x0000000087200000, 0x0000000087300000|  0%| F|  |TAMS 0x0000000087200000, 0x0000000087200000| Untracked 
|  75|0x0000000087300000, 0x0000000087300000, 0x0000000087400000|  0%| F|  |TAMS 0x0000000087300000, 0x0000000087300000| Untracked 
|  76|0x0000000087400000, 0x0000000087400000, 0x0000000087500000|  0%| F|  |TAMS 0x0000000087400000, 0x0000000087400000| Untracked 
|  77|0x0000000087500000, 0x0000000087500000, 0x0000000087600000|  0%| F|  |TAMS 0x0000000087500000, 0x0000000087500000| Untracked 
|  78|0x0000000087600000, 0x0000000087600000, 0x0000000087700000|  0%| F|  |TAMS 0x0000000087600000, 0x0000000087600000| Untracked 
|  79|0x0000000087700000, 0x0000000087700000, 0x0000000087800000|  0%| F|  |TAMS 0x0000000087700000, 0x0000000087700000| Untracked 
|  80|0x0000000087800000, 0x0000000087800000, 0x0000000087900000|  0%| F|  |TAMS 0x0000000087800000, 0x0000000087800000| Untracked 
|  81|0x0000000087900000, 0x0000000087900000, 0x0000000087a00000|  0%| F|  |TAMS 0x0000000087900000, 0x0000000087900000| Untracked 
|  82|0x0000000087a00000, 0x0000000087a00000, 0x0000000087b00000|  0%| F|  |TAMS 0x0000000087a00000, 0x0000000087a00000| Untracked 
|  83|0x0000000087b00000, 0x0000000087b00000, 0x0000000087c00000|  0%| F|  |TAMS 0x0000000087b00000, 0x0000000087b00000| Untracked 
|  84|0x0000000087c00000, 0x0000000087c00000, 0x0000000087d00000|  0%| F|  |TAMS 0x0000000087c00000, 0x0000000087c00000| Untracked 
|  85|0x0000000087d00000, 0x0000000087d00000, 0x0000000087e00000|  0%| F|  |TAMS 0x0000000087d00000, 0x0000000087d00000| Untracked 
|  86|0x0000000087e00000, 0x0000000087e00000, 0x0000000087f00000|  0%| F|  |TAMS 0x0000000087e00000, 0x0000000087e00000| Untracked 
|  87|0x0000000087f00000, 0x0000000087f00000, 0x0000000088000000|  0%| F|  |TAMS 0x0000000087f00000, 0x0000000087f00000| Untracked 
|  88|0x0000000088000000, 0x0000000088000000, 0x0000000088100000|  0%| F|  |TAMS 0x0000000088000000, 0x0000000088000000| Untracked 
|  89|0x0000000088100000, 0x0000000088100000, 0x0000000088200000|  0%| F|  |TAMS 0x0000000088100000, 0x0000000088100000| Untracked 
|  90|0x0000000088200000, 0x0000000088200000, 0x0000000088300000|  0%| F|  |TAMS 0x0000000088200000, 0x0000000088200000| Untracked 
|  91|0x0000000088300000, 0x0000000088300000, 0x0000000088400000|  0%| F|  |TAMS 0x0000000088300000, 0x0000000088300000| Untracked 
|  92|0x0000000088400000, 0x0000000088400000, 0x0000000088500000|  0%| F|  |TAMS 0x0000000088400000, 0x0000000088400000| Untracked 
|  93|0x0000000088500000, 0x0000000088500000, 0x0000000088600000|  0%| F|  |TAMS 0x0000000088500000, 0x0000000088500000| Untracked 
|  94|0x0000000088600000, 0x0000000088600000, 0x0000000088700000|  0%| F|  |TAMS 0x0000000088600000, 0x0000000088600000| Untracked 
|  95|0x0000000088700000, 0x0000000088700000, 0x0000000088800000|  0%| F|  |TAMS 0x0000000088700000, 0x0000000088700000| Untracked 
|  96|0x0000000088800000, 0x0000000088800000, 0x0000000088900000|  0%| F|  |TAMS 0x0000000088800000, 0x0000000088800000| Untracked 
|  97|0x0000000088900000, 0x0000000088900000, 0x0000000088a00000|  0%| F|  |TAMS 0x0000000088900000, 0x0000000088900000| Untracked 
|  98|0x0000000088a00000, 0x0000000088a00000, 0x0000000088b00000|  0%| F|  |TAMS 0x0000000088a00000, 0x0000000088a00000| Untracked 
|  99|0x0000000088b00000, 0x0000000088b00000, 0x0000000088c00000|  0%| F|  |TAMS 0x0000000088b00000, 0x0000000088b00000| Untracked 
| 100|0x0000000088c00000, 0x0000000088c00000, 0x0000000088d00000|  0%| F|  |TAMS 0x0000000088c00000, 0x0000000088c00000| Untracked 
| 101|0x0000000088d00000, 0x0000000088d00000, 0x0000000088e00000|  0%| F|  |TAMS 0x0000000088d00000, 0x0000000088d00000| Untracked 
| 102|0x0000000088e00000, 0x0000000088e00000, 0x0000000088f00000|  0%| F|  |TAMS 0x0000000088e00000, 0x0000000088e00000| Untracked 
| 103|0x0000000088f00000, 0x0000000088f00000, 0x0000000089000000|  0%| F|  |TAMS 0x0000000088f00000, 0x0000000088f00000| Untracked 
| 104|0x0000000089000000, 0x0000000089000000, 0x0000000089100000|  0%| F|  |TAMS 0x0000000089000000, 0x0000000089000000| Untracked 
| 105|0x0000000089100000, 0x0000000089100000, 0x0000000089200000|  0%| F|  |TAMS 0x0000000089100000, 0x0000000089100000| Untracked 
| 106|0x0000000089200000, 0x0000000089200000, 0x0000000089300000|  0%| F|  |TAMS 0x0000000089200000, 0x0000000089200000| Untracked 
| 107|0x0000000089300000, 0x0000000089300000, 0x0000000089400000|  0%| F|  |TAMS 0x0000000089300000, 0x0000000089300000| Untracked 
| 108|0x0000000089400000, 0x0000000089400000, 0x0000000089500000|  0%| F|  |TAMS 0x0000000089400000, 0x0000000089400000| Untracked 
| 109|0x0000000089500000, 0x0000000089500000, 0x0000000089600000|  0%| F|  |TAMS 0x0000000089500000, 0x0000000089500000| Untracked 
| 110|0x0000000089600000, 0x0000000089600000, 0x0000000089700000|  0%| F|  |TAMS 0x0000000089600000, 0x0000000089600000| Untracked 
| 111|0x0000000089700000, 0x0000000089700000, 0x0000000089800000|  0%| F|  |TAMS 0x0000000089700000, 0x0000000089700000| Untracked 
| 112|0x0000000089800000, 0x0000000089800000, 0x0000000089900000|  0%| F|  |TAMS 0x0000000089800000, 0x0000000089800000| Untracked 
| 113|0x0000000089900000, 0x0000000089900000, 0x0000000089a00000|  0%| F|  |TAMS 0x0000000089900000, 0x0000000089900000| Untracked 
| 114|0x0000000089a00000, 0x0000000089a00000, 0x0000000089b00000|  0%| F|  |TAMS 0x0000000089a00000, 0x0000000089a00000| Untracked 
| 115|0x0000000089b00000, 0x0000000089b00000, 0x0000000089c00000|  0%| F|  |TAMS 0x0000000089b00000, 0x0000000089b00000| Untracked 
| 116|0x0000000089c00000, 0x0000000089c00000, 0x0000000089d00000|  0%| F|  |TAMS 0x0000000089c00000, 0x0000000089c00000| Untracked 
| 117|0x0000000089d00000, 0x0000000089d00000, 0x0000000089e00000|  0%| F|  |TAMS 0x0000000089d00000, 0x0000000089d00000| Untracked 
| 118|0x0000000089e00000, 0x0000000089e00000, 0x0000000089f00000|  0%| F|  |TAMS 0x0000000089e00000, 0x0000000089e00000| Untracked 
| 119|0x0000000089f00000, 0x0000000089f00000, 0x000000008a000000|  0%| F|  |TAMS 0x0000000089f00000, 0x0000000089f00000| Untracked 
| 120|0x000000008a000000, 0x000000008a000000, 0x000000008a100000|  0%| F|  |TAMS 0x000000008a000000, 0x000000008a000000| Untracked 
| 121|0x000000008a100000, 0x000000008a100000, 0x000000008a200000|  0%| F|  |TAMS 0x000000008a100000, 0x000000008a100000| Untracked 
| 122|0x000000008a200000, 0x000000008a276480, 0x000000008a300000| 46%| E|  |TAMS 0x000000008a200000, 0x000000008a200000| Complete 
| 123|0x000000008a300000, 0x000000008a400000, 0x000000008a400000|100%| E|CS|TAMS 0x000000008a300000, 0x000000008a300000| Complete 
| 124|0x000000008a400000, 0x000000008a500000, 0x000000008a500000|100%| E|CS|TAMS 0x000000008a400000, 0x000000008a400000| Complete 
| 125|0x000000008a500000, 0x000000008a600000, 0x000000008a600000|100%| E|CS|TAMS 0x000000008a500000, 0x000000008a500000| Complete 

Card table byte_map: [0x00000180f3260000,0x00000180f3650000] _byte_map_base: 0x00000180f2e4c000

Marking Bits (Prev, Next): (CMBitMap*) 0x00000180dbc443f0, (CMBitMap*) 0x00000180dbc44430
 Prev Bits: [0x00000180f3a40000, 0x00000180f59a0000)
 Next Bits: [0x00000180f59a0000, 0x00000180f7900000)

Polling page: 0x00000180d9b80000

Metaspace:

Usage:
  Non-class:      4.63 MB used.
      Class:    417.38 KB used.
       Both:      5.03 MB used.

Virtual space:
  Non-class space:       64.00 MB reserved,       4.69 MB (  7%) committed,  1 nodes.
      Class space:        1.00 GB reserved,     512.00 KB ( <1%) committed,  1 nodes.
             Both:        1.06 GB reserved,       5.19 MB ( <1%) committed. 

Chunk freelists:
   Non-Class:  2.95 MB
       Class:  3.55 MB
        Both:  6.50 MB

MaxMetaspaceSize: unlimited
CompressedClassSpaceSize: 1.00 GB
Initial GC threshold: 21.00 MB
Current GC threshold: 21.00 MB
CDS: off
MetaspaceReclaimPolicy: balanced
 - commit_granule_bytes: 65536.
 - commit_granule_words: 8192.
 - virtual_space_node_default_size: 8388608.
 - enlarge_chunks_in_place: 1.
 - new_chunks_are_fully_committed: 0.
 - uncommit_free_chunks: 1.
 - use_allocation_guard: 0.


Internal statistics:

num_allocs_failed_limit: 0.
num_arena_births: 4.
num_arena_deaths: 0.
num_vsnodes_births: 2.
num_vsnodes_deaths: 0.
num_space_committed: 83.
num_space_uncommitted: 0.
num_chunks_returned_to_freelist: 0.
num_chunks_taken_from_freelist: 14.
num_chunk_merges: 0.
num_chunk_splits: 4.
num_chunks_enlarged: 3.
num_inconsistent_stats: 0.

CodeHeap 'non-profiled nmethods': size=120000Kb used=45Kb max_used=45Kb free=119954Kb
 bounds [0x00000180eb610000, 0x00000180eb880000, 0x00000180f2b40000]
CodeHeap 'profiled nmethods': size=120000Kb used=229Kb max_used=229Kb free=119770Kb
 bounds [0x00000180e3b40000, 0x00000180e3db0000, 0x00000180eb070000]
CodeHeap 'non-nmethods': size=5760Kb used=1147Kb max_used=1175Kb free=4612Kb
 bounds [0x00000180eb070000, 0x00000180eb2e0000, 0x00000180eb610000]
 total_blobs=504 nmethods=177 adapters=238
 compilation: enabled
              stopped_count=0, restarted_count=0
 full_count=0

Compilation events (20 events):
Event: 0.300 Thread 0x000001808405fca0  162       3       java.lang.AbstractStringBuilder::newCapacity (59 bytes)
Event: 0.301 Thread 0x000001808405fca0 nmethod 162 0x00000180e3b74010 code [0x00000180e3b741e0, 0x00000180e3b745d8]
Event: 0.301 Thread 0x000001808405fca0  163       1       java.net.URL::getFile (5 bytes)
Event: 0.301 Thread 0x000001808405fca0 nmethod 163 0x00000180eb617e90 code [0x00000180eb618020, 0x00000180eb6180d8]
Event: 0.301 Thread 0x000001808405fca0  164       3       java.lang.String::substring (58 bytes)
Event: 0.302 Thread 0x000001808405fca0 nmethod 164 0x00000180e3b74790 code [0x00000180e3b749a0, 0x00000180e3b74fa8]
Event: 0.302 Thread 0x000001808405fca0  165       1       java.util.jar.Attributes$Name::hashCode (5 bytes)
Event: 0.302 Thread 0x000001808405fca0 nmethod 165 0x00000180eb618190 code [0x00000180eb618320, 0x00000180eb6183d8]
Event: 0.302 Thread 0x000001808405fca0  166       3       java.lang.String::toString (2 bytes)
Event: 0.302 Thread 0x000001808405fca0 nmethod 166 0x00000180e3b75210 code [0x00000180e3b753a0, 0x00000180e3b754b8]
Event: 0.302 Thread 0x000001808405fca0  167       3       java.lang.String::<init> (99 bytes)
Event: 0.302 Thread 0x000001808405fca0 nmethod 167 0x00000180e3b75590 code [0x00000180e3b757a0, 0x00000180e3b75d88]
Event: 0.302 Thread 0x000001808405fca0  168       3       java.util.zip.ZipFile::ensureOpen (40 bytes)
Event: 0.302 Thread 0x000001808405fca0 nmethod 168 0x00000180e3b75f90 code [0x00000180e3b76160, 0x00000180e3b763f8]
Event: 0.302 Thread 0x000001808405fca0  169       3       java.lang.String::lastIndexOf (29 bytes)
Event: 0.302 Thread 0x000001808405fca0 nmethod 169 0x00000180e3b76510 code [0x00000180e3b766e0, 0x00000180e3b76978]
Event: 0.303 Thread 0x0000018084224d30  170       4       java.lang.String::coder (15 bytes)
Event: 0.303 Thread 0x000001808405fca0  172   !   3       java.util.zip.ZipFile$Source::getEntryPos (195 bytes)
Event: 0.303 Thread 0x0000018084224d30 nmethod 170 0x00000180eb618890 code [0x00000180eb618a00, 0x00000180eb618a78]
Event: 0.303 Thread 0x0000018084224d30  142       4       java.util.zip.ZipFile$Source::isMetaName (141 bytes)

GC Heap History (0 events):
No events

Dll operation events (5 events):
Event: 0.010 Loaded shared library C:\Program Files\Java\jdk-19\bin\java.dll
Event: 0.080 Loaded shared library C:\Program Files\Java\jdk-19\bin\jsvml.dll
Event: 0.261 Loaded shared library C:\Program Files\Java\jdk-19\bin\net.dll
Event: 0.262 Loaded shared library C:\Program Files\Java\jdk-19\bin\nio.dll
Event: 0.276 Loaded shared library C:\Program Files\Java\jdk-19\bin\zip.dll

Deoptimization events (6 events):
Event: 0.226 Thread 0x00000180dbbe4000 Uncommon trap: trap_request=0xffffff45 fr.pc=0x00000180eb611948 relative=0x00000000000000a8
Event: 0.226 Thread 0x00000180dbbe4000 Uncommon trap: reason=unstable_if action=reinterpret pc=0x00000180eb611948 method=java.lang.String.isLatin1()Z @ 10 c2
Event: 0.226 Thread 0x00000180dbbe4000 DEOPT PACKING pc=0x00000180eb611948 sp=0x0000000ec7bfec50
Event: 0.226 Thread 0x00000180dbbe4000 DEOPT UNPACKING pc=0x00000180eb0d6da3 sp=0x0000000ec7bfeb90 mode 2
Event: 0.297 Thread 0x00000180dbbe4000 DEOPT PACKING pc=0x00000180e3b598e7 sp=0x0000000ec7bfa6a0
Event: 0.297 Thread 0x00000180dbbe4000 DEOPT UNPACKING pc=0x00000180eb0d7543 sp=0x0000000ec7bf9ac0 mode 0

Classes loaded (20 events):
Event: 0.280 Loading class java/util/jar/Attributes$Name
Event: 0.280 Loading class java/util/jar/Attributes$Name done
Event: 0.280 Loading class java/lang/reflect/Array
Event: 0.280 Loading class java/lang/reflect/Array done
Event: 0.281 Loading class jdk/internal/loader/URLClassPath$JarLoader$2
Event: 0.281 Loading class jdk/internal/loader/URLClassPath$JarLoader$2 done
Event: 0.281 Loading class java/util/zip/CRC32
Event: 0.281 Loading class java/util/zip/Checksum
Event: 0.281 Loading class java/util/zip/Checksum done
Event: 0.281 Loading class java/util/zip/CRC32 done
Event: 0.282 Loading class java/util/zip/Checksum$1
Event: 0.282 Loading class java/util/zip/Checksum$1 done
Event: 0.282 Loading class java/lang/PublicMethods$MethodList
Event: 0.283 Loading class java/lang/PublicMethods$MethodList done
Event: 0.283 Loading class java/lang/PublicMethods$Key
Event: 0.283 Loading class java/lang/PublicMethods$Key done
Event: 0.283 Loading class java/lang/Void
Event: 0.283 Loading class java/lang/Void done
Event: 0.291 Loading class java/util/concurrent/ConcurrentHashMap$ForwardingNode
Event: 0.292 Loading class java/util/concurrent/ConcurrentHashMap$ForwardingNode done

Classes unloaded (0 events):
No events

Classes redefined (0 events):
No events

Internal exceptions (0 events):
No events

VM Operations (2 events):
Event: 0.278 Executing VM operation: HandshakeAllThreads
Event: 0.278 Executing VM operation: HandshakeAllThreads done

Events (13 events):
Event: 0.080 Thread 0x00000180dbbe4000 Thread added: 0x00000180dbbe4000
Event: 0.138 Thread 0x0000018084082550 Thread added: 0x0000018084082550
Event: 0.139 Thread 0x0000018084083840 Thread added: 0x0000018084083840
Event: 0.142 Thread 0x000001808400ab60 Thread added: 0x000001808400ab60
Event: 0.142 Thread 0x000001808400d4b0 Thread added: 0x000001808400d4b0
Event: 0.142 Thread 0x000001808400d9f0 Thread added: 0x000001808400d9f0
Event: 0.142 Thread 0x000001808400e6d0 Thread added: 0x000001808400e6d0
Event: 0.142 Thread 0x000001808405e7e0 Thread added: 0x000001808405e7e0
Event: 0.142 Thread 0x000001808405fca0 Thread added: 0x000001808405fca0
Event: 0.142 Thread 0x00000180fa38afe0 Thread added: 0x00000180fa38afe0
Event: 0.220 Thread 0x00000180841f7600 Thread added: 0x00000180841f7600
Event: 0.231 Thread 0x0000018084225720 Thread added: 0x0000018084225720
Event: 0.303 Thread 0x0000018084224d30 Thread added: 0x0000018084224d30


Dynamic libraries:
0x00007ff602b20000 - 0x00007ff602b30000 	C:\Program Files\Java\jdk-19\bin\javaw.exe
0x00007ffb33950000 - 0x00007ffb33b64000 	C:\WINDOWS\SYSTEM32\ntdll.dll
0x00007ffb317b0000 - 0x00007ffb31872000 	C:\WINDOWS\System32\KERNEL32.DLL
0x00007ffb30d50000 - 0x00007ffb310f3000 	C:\WINDOWS\System32\KERNELBASE.dll
0x00007ffb31100000 - 0x00007ffb31211000 	C:\WINDOWS\System32\ucrtbase.dll
0x00007ffb26e90000 - 0x00007ffb26ea8000 	C:\Program Files\Java\jdk-19\bin\jli.dll
0x00007ffb26d00000 - 0x00007ffb26d1b000 	C:\Program Files\Java\jdk-19\bin\VCRUNTIME140.dll
0x00007ffb33490000 - 0x00007ffb3353e000 	C:\WINDOWS\System32\ADVAPI32.dll
0x00007ffb31930000 - 0x00007ffb319d7000 	C:\WINDOWS\System32\msvcrt.dll
0x00007ffb32e00000 - 0x00007ffb32ea4000 	C:\WINDOWS\System32\sechost.dll
0x00007ffb33360000 - 0x00007ffb33477000 	C:\WINDOWS\System32\RPCRT4.dll
0x00007ffb331b0000 - 0x00007ffb3335b000 	C:\WINDOWS\System32\USER32.dll
0x00007ffb31690000 - 0x00007ffb316b6000 	C:\WINDOWS\System32\win32u.dll
0x00007ffb178c0000 - 0x00007ffb17b4e000 	C:\WINDOWS\WinSxS\amd64_microsoft.windows.common-controls_6595b64144ccf1df_6.0.22621.1635_none_270f70857386168e\COMCTL32.dll
0x00007ffb32fc0000 - 0x00007ffb32fe9000 	C:\WINDOWS\System32\GDI32.dll
0x00007ffb31220000 - 0x00007ffb31339000 	C:\WINDOWS\System32\gdi32full.dll
0x00007ffb31480000 - 0x00007ffb3151a000 	C:\WINDOWS\System32\msvcp_win.dll
0x00007ffb2a050000 - 0x00007ffb2a05a000 	C:\WINDOWS\SYSTEM32\VERSION.dll
0x00007ffb33540000 - 0x00007ffb33571000 	C:\WINDOWS\System32\IMM32.DLL
0x00007ffb2d580000 - 0x00007ffb2d58c000 	C:\Program Files\Java\jdk-19\bin\vcruntime140_1.dll
0x00007ffb24c10000 - 0x00007ffb24c9e000 	C:\Program Files\Java\jdk-19\bin\msvcp140.dll
0x00007ffabffa0000 - 0x00007ffac0c60000 	C:\Program Files\Java\jdk-19\bin\server\jvm.dll
0x00007ffb2d520000 - 0x00007ffb2d529000 	C:\WINDOWS\SYSTEM32\WSOCK32.dll
0x00007ffb295d0000 - 0x00007ffb29604000 	C:\WINDOWS\SYSTEM32\WINMM.dll
0x00007ffb31730000 - 0x00007ffb317a1000 	C:\WINDOWS\System32\WS2_32.dll
0x00007ffb2fe90000 - 0x00007ffb2fea8000 	C:\WINDOWS\SYSTEM32\kernel.appcore.dll
0x00007ffb2d640000 - 0x00007ffb2d64a000 	C:\Program Files\Java\jdk-19\bin\jimage.dll
0x00007ffb2e790000 - 0x00007ffb2e9be000 	C:\WINDOWS\SYSTEM32\DBGHELP.DLL
0x00007ffb33580000 - 0x00007ffb33909000 	C:\WINDOWS\System32\combase.dll
0x00007ffb32cb0000 - 0x00007ffb32d87000 	C:\WINDOWS\System32\OLEAUT32.dll
0x00007ffb11340000 - 0x00007ffb11372000 	C:\WINDOWS\SYSTEM32\dbgcore.DLL
0x00007ffb31400000 - 0x00007ffb3147b000 	C:\WINDOWS\System32\bcryptPrimitives.dll
0x00007ffb2d550000 - 0x00007ffb2d576000 	C:\Program Files\Java\jdk-19\bin\java.dll
0x00007ffb1f630000 - 0x00007ffb1f707000 	C:\Program Files\Java\jdk-19\bin\jsvml.dll
0x00007ffb32330000 - 0x00007ffb32b2a000 	C:\WINDOWS\System32\SHELL32.dll
0x00007ffb2ed60000 - 0x00007ffb2f62e000 	C:\WINDOWS\SYSTEM32\windows.storage.dll
0x00007ffb2ec20000 - 0x00007ffb2ed5e000 	C:\WINDOWS\SYSTEM32\wintypes.dll
0x00007ffb32ec0000 - 0x00007ffb32fb1000 	C:\WINDOWS\System32\SHCORE.dll
0x00007ffb31e40000 - 0x00007ffb31e9e000 	C:\WINDOWS\System32\shlwapi.dll
0x00007ffb30c80000 - 0x00007ffb30ca1000 	C:\WINDOWS\SYSTEM32\profapi.dll
0x00007ffb29750000 - 0x00007ffb29763000 	C:\Program Files\Java\jdk-19\bin\net.dll
0x00007ffb29b80000 - 0x00007ffb29cb7000 	C:\WINDOWS\SYSTEM32\WINHTTP.dll
0x00007ffb30300000 - 0x00007ffb30369000 	C:\WINDOWS\system32\mswsock.dll
0x00007ffb26f00000 - 0x00007ffb26f16000 	C:\Program Files\Java\jdk-19\bin\nio.dll
0x00007ffb26ee0000 - 0x00007ffb26ef8000 	C:\Program Files\Java\jdk-19\bin\zip.dll

dbghelp: loaded successfully - version: 4.0.5 - missing functions: none
symbol engine: initialized successfully - sym options: 0x614 - pdb path: .;C:\Program Files\Java\jdk-19\bin;C:\WINDOWS\SYSTEM32;C:\WINDOWS\WinSxS\amd64_microsoft.windows.common-controls_6595b64144ccf1df_6.0.22621.1635_none_270f70857386168e;C:\Program Files\Java\jdk-19\bin\server

VM Arguments:
jvm_args: -Dfile.encoding=UTF-8 -XX:+ShowCodeDetailsInExceptionMessages 
java_command: sel2jave.main
java_class_path (initial): C:\Users\hirik\eclipse-workspace\sel2\target\classes;C:\Users\hirik\.m2\repository\org\seleniumhq\selenium\selenium-java\4.8.1\selenium-java-4.8.1.jar;C:\Users\hirik\.m2\repository\org\seleniumhq\selenium\selenium-api\4.8.1\selenium-api-4.8.1.jar;C:\Users\hirik\.m2\repository\org\seleniumhq\selenium\selenium-chrome-driver\4.8.1\selenium-chrome-driver-4.8.1.jar;C:\Users\hirik\.m2\repository\com\google\auto\service\auto-service-annotations\1.0.1\auto-service-annotations-1.0.1.jar;C:\Users\hirik\.m2\repository\com\google\auto\service\auto-service\1.0.1\auto-service-1.0.1.jar;C:\Users\hirik\.m2\repository\com\google\auto\auto-common\1.2\auto-common-1.2.jar;C:\Users\hirik\.m2\repository\com\google\guava\guava\31.1-jre\guava-31.1-jre.jar;C:\Users\hirik\.m2\repository\com\google\guava\failureaccess\1.0.1\failureaccess-1.0.1.jar;C:\Users\hirik\.m2\repository\com\google\guava\listenablefuture\9999.0-empty-to-avoid-conflict-with-guava\listenablefuture-9999.0-empty-to-avoid-conflict-with-guava.jar;C:\Users\hirik\.m2\repository\com\google\code\findbugs\jsr305\3.0.2\jsr305-3.0.2.jar;C:\Users\hirik\.m2\repository\org\checkerframework\checker-qual\3.12.0\checker-qual-3.12.0.jar;C:\Users\hirik\.m2\repository\com\google\errorprone\error_prone_annotations\2.11.0\error_prone_annotations-2.11.0.jar;C:\Users\hirik\.m2\repository\com\google\j2objc\j2objc-annotations\1.3\j2objc-annotations-1.3.jar;C:\Users\hirik\.m2\repository\org\seleniumhq\selenium\selenium-chromium-driver\4.8.1\selenium-chromium-driver-4.8.1.jar;C:\Users\hirik\.m2\repository\org\seleniumhq\selenium\selenium-json\4.8.1\selenium-json-4.8.1.jar;C:\Users\hirik\.m2\repository\org\seleniumhq\selenium\selenium-devtools-v108\4.8.1\selenium-devtools-v108-4.8.1.jar;C:\Users\hirik\.m2\repository\org\seleniumhq\selenium\selenium-devtools-v109\4.8.1\selenium-devtools-v109-4.8.1.jar;C:\Users\hirik\.m2\repository\org\seleniumhq\selenium\selenium-devtools-v110\4.8.1\selenium-devtools-v110-4.8.1.jar;C:\Users\hirik\.m2\repository\org\seleniumhq\selenium\selenium-devtools-v85\4.8.1\selenium-devtools-v85-4.8.1.jar;C:\Users\hirik\.m2\repository\org\seleniumhq\selenium\selenium-edge-driver\4.8.1\selenium-edge-driver-4.8.1.jar;C:\Users\hirik\.m2\repository\org\seleniumhq\selenium\selenium-firefox-driver\4.8.1\selenium-firefox-driver-4.8.1.jar;C:\Users\hirik\.m2\repository\org\seleniumhq\selenium\selenium-http\4.8.1\selenium-http-4.8.1.jar;C:\Users\hirik\.m2\repository\dev\failsafe\failsafe\3.3.0\failsafe-3.3.0.jar;C:\Users\hirik\.m2\repository\org\seleniumhq\selenium\selenium-ie-driver\4.8.1\selenium-ie-driver-4.8.1.jar;C:\Users\hirik\.m2\repository\org\seleniumhq\selenium\selenium-remote-driver\4.8.1\selenium-remote-driver-4.8.1.jar;C:\Users\hirik\.m2\repository\io\netty\netty-buffer\4.1.87.Final\netty-buffer-4.1.87.Final.jar;C:\Users\hirik\.m2\repository\io\netty\netty-codec-http\4.1.87.Final\netty-codec-http-4.1.87.Final.jar;C:\Users\hirik\.m2\repository\io\netty\netty-codec\4.1.87.Final\netty-codec-4.1.87.Final.jar;C:\Users\hirik\.m2\repository\io\netty\netty-handler\4.1.87.Final\netty-handler-4.1.87.Final.jar;C:\Users\hirik\.m2\repository\io\netty\netty-common\4.1.87.Final\netty-common-4.1.87.Final.jar;C:\Users\hirik\.m2\repository\io\netty\netty-transport-classes-epoll\4.1.87.Final\netty-transport-classes-epoll-4.1.87.Final.jar;C:\Users\hirik\.m2\repository\io\netty\netty-transport-classes-kqueue\4.1.87.Final\netty-transport-classes-kqueue-4.1.87.Final.jar;C:\Users\hirik\.m2\repository\io\netty\netty-transport-native-epoll\4.1.87.Final\netty-transport-native-epoll-4.1.87.Final.jar;C:\Users\hirik\.m2\repository\io\netty\netty-transport-native-kqueue\4.1.87.Final\netty-transport-native-kqueue-4.1.87.Final.jar;C:\Users\hirik\.m2\repository\io\netty\netty-transport-native-unix-common\4.1.87.Final\netty-transport-native-unix-common-4.1.87.Final.jar;C:\Users\hirik\.m2\repository\io\netty\netty-transport\4.1.87.Final\netty-transport-4.1.87.Final.jar;C:\Users\hirik\.m2\repository\io\netty\netty-resolver\4.1.87.Final\netty-resolver-4.1.87.Final.jar;C:\Users\hirik\.m2\repository\io\opentelemetry\opentelemetry-api\1.22.0\opentelemetry-api-1.22.0.jar;C:\Users\hirik\.m2\repository\io\opentelemetry\opentelemetry-context\1.22.0\opentelemetry-context-1.22.0.jar;C:\Users\hirik\.m2\repository\io\opentelemetry\opentelemetry-exporter-logging\1.22.0\opentelemetry-exporter-logging-1.22.0.jar;C:\Users\hirik\.m2\repository\io\opentelemetry\opentelemetry-sdk-metrics\1.22.0\opentelemetry-sdk-metrics-1.22.0.jar;C:\Users\hirik\.m2\repository\io\opentelemetry\opentelemetry-sdk-logs\1.22.0-alpha\opentelemetry-sdk-logs-1.22.0-alpha.jar;C:\Users\hirik\.m2\repository\io\opentelemetry\opentelemetry-api-logs\1.22.0-alpha\opentelemetry-api-logs-1.22.0-alpha.jar;C:\Users\hirik\.m2\repository\io\opentelemetry\opentelemetry-sdk-common\1.22.0\opentelemetry-sdk-common-1.22.0.jar;C:\Users\hirik\.m2\repository\io\opentelemetry\opentelemetry-sdk-extension-autoconfigure-spi\1.22.0\opentelemetry-sdk-extension-autoconfigure-spi-1.22.0.jar;C:\Users\hirik\.m2\repository\io\opentelemetry\opentelemetry-sdk-extension-autoconfigure\1.22.0-alpha\opentelemetry-sdk-extension-autoconfigure-1.22.0-alpha.jar;C:\Users\hirik\.m2\repository\io\opentelemetry\opentelemetry-sdk-trace\1.22.0\opentelemetry-sdk-trace-1.22.0.jar;C:\Users\hirik\.m2\repository\io\opentelemetry\opentelemetry-sdk\1.22.0\opentelemetry-sdk-1.22.0.jar;C:\Users\hirik\.m2\repository\io\opentelemetry\opentelemetry-semconv\1.22.0-alpha\opentelemetry-semconv-1.22.0-alpha.jar;C:\Users\hirik\.m2\repository\io\ous\jtoml\2.0.0\jtoml-2.0.0.jar;C:\Users\hirik\.m2\repository\net\bytebuddy\byte-buddy\1.12.22\byte-buddy-1.12.22.jar;C:\Users\hirik\.m2\repository\org\apache\commons\commons-exec\1.3\commons-exec-1.3.jar;C:\Users\hirik\.m2\repository\org\asynchttpclient\async-http-client\2.12.3\async-http-client-2.12.3.jar;C:\Users\hirik\.m2\repository\org\asynchttpclient\async-http-client-netty-utils\2.12.3\async-http-client-netty-utils-2.12.3.jar;C:\Users\hirik\.m2\repository\io\netty\netty-codec-socks\4.1.60.Final\netty-codec-socks-4.1.60.Final.jar;C:\Users\hirik\.m2\repository\io\netty\netty-handler-proxy\4.1.60.Final\netty-handler-proxy-4.1.60.Final.jar;C:\Users\hirik\.m2\repository\io\netty\netty-transport-native-epoll\4.1.60.Final\netty-transport-native-epoll-4.1.60.Final-linux-x86_64.jar;C:\Users\hirik\.m2\repository\io\netty\netty-transport-native-kqueue\4.1.60.Final\netty-transport-native-kqueue-4.1.60.Final-osx-x86_64.jar;C:\Users\hirik\.m2\repository\org\reactivestreams\reactive-streams\1.0.3\reactive-streams-1.0.3.jar;C:\Users\hirik\.m2\repository\com\typesafe\netty\netty-reactive-streams\2.0.4\netty-reactive-streams-2.0.4.jar;C:\Users\hirik\.m2\repository\com\sun\activation\jakarta.activation\1.2.2\jakarta.activation-1.2.2.jar;C:\Users\hirik\.m2\repository\org\seleniumhq\selenium\selenium-manager\4.8.1\selenium-manager-4.8.1.jar;C:\Users\hirik\.m2\repository\org\seleniumhq\selenium\selenium-safari-driver\4.8.1\selenium-safari-driver-4.8.1.jar;C:\Users\hirik\.m2\repository\org\seleniumhq\selenium\selenium-support\4.8.1\selenium-support-4.8.1.jar;C:\Users\hirik\.m2\repository\org\slf4j\slf4j-api\1.7.36\slf4j-api-1.7.36.jar;C:\Users\hirik\.m2\repository\com\beust\jcommander\1.82\jcommander-1.82.jar;C:\Users\hirik\eclipse-workspace\Sel\target\classes
Launcher Type: SUN_STANDARD

[Global flags]
     intx CICompilerCount                          = 4                                         {product} {ergonomic}
     uint ConcGCThreads                            = 2                                         {product} {ergonomic}
     uint G1ConcRefinementThreads                  = 8                                         {product} {ergonomic}
   size_t G1HeapRegionSize                         = 1048576                                   {product} {ergonomic}
    uintx GCDrainStackTargetSize                   = 64                                        {product} {ergonomic}
   size_t InitialHeapSize                          = 132120576                                 {product} {ergonomic}
   size_t MarkStackSize                            = 4194304                                   {product} {ergonomic}
   size_t MaxHeapSize                              = 2105540608                                {product} {ergonomic}
   size_t MaxNewSize                               = 1262485504                                {product} {ergonomic}
   size_t MinHeapDeltaBytes                        = 1048576                                   {product} {ergonomic}
   size_t MinHeapSize                              = 8388608                                   {product} {ergonomic}
    uintx NonNMethodCodeHeapSize                   = 5839372                                {pd product} {ergonomic}
    uintx NonProfiledCodeHeapSize                  = 122909434                              {pd product} {ergonomic}
    uintx ProfiledCodeHeapSize                     = 122909434                              {pd product} {ergonomic}
    uintx ReservedCodeCacheSize                    = 251658240                              {pd product} {ergonomic}
     bool SegmentedCodeCache                       = true                                      {product} {ergonomic}
     bool ShowCodeDetailsInExceptionMessages       = true                                   {manageable} {command line}
   size_t SoftMaxHeapSize                          = 2105540608                             {manageable} {ergonomic}
     bool UseCompressedClassPointers               = true                           {product lp64_product} {ergonomic}
     bool UseCompressedOops                        = true                           {product lp64_product} {ergonomic}
     bool UseG1GC                                  = true                                      {product} {ergonomic}
     bool UseLargePagesIndividualAllocation        = false                                  {pd product} {ergonomic}

Logging:
Log output configuration:
 #0: stdout all=warning uptime,level,tags foldmultilines=false
 #1: stderr all=off uptime,level,tags foldmultilines=false

Environment Variables:
JAVA_HOME=C:\Program Files\Java\jdk-19
PATH=C:/Program Files/Java/jdk-19/bin/server;C:/Program Files/Java/jdk-19/bin;C:\Program Files\Python311\Scripts\;C:\Program Files\Python311\;C:\Program Files\Common Files\Oracle\Java\javapath;C:\Windows\system32;C:\Windows;C:\Windows\System32\Wbem;C:\Windows\System32\WindowsPowerShell\v1.0\;C:\Windows\System32\OpenSSH\;C:\Program Files (x86)\NVIDIA Corporation\PhysX\Common;C:\Program Files\NVIDIA Corporation\NVIDIA NvDLISR;C:\WINDOWS\system32;C:\WINDOWS;C:\WINDOWS\System32\Wbem;C:\WINDOWS\System32\WindowsPowerShell\v1.0\;C:\WINDOWS\System32\OpenSSH\;C:\Program Files\Microsoft SQL Server\150\Tools\Binn\;C:\Program Files\Microsoft SQL Server\Client SDK\ODBC\170\Tools\Binn\;C:\Program Files\dotnet\;C:\Program Files\Git\cmd;C:\Program Files\Git\mingw64\bin;C:\Program Files\Git\usr\bin;C:\Users\hirik\AppData\Roaming\Python\Python311\Scripts;C:\Users\hirik\AppData\Local\Microsoft\WindowsApps;C:\Users\hirik\AppData\Local\GitHubDesktop\bin;C:\Users\hirik\.dotnet\tools;C:\Program Files\JetBrains\PyCharm Community Edition 2023.1.3\bin;;C:\WINDOWS\system32;
USERNAME=hirik
OS=Windows_NT
PROCESSOR_IDENTIFIER=Intel64 Family 6 Model 165 Stepping 2, GenuineIntel
TMP=C:\Users\hirik\AppData\Local\Temp
TEMP=C:\Users\hirik\AppData\Local\Temp



---------------  S Y S T E M  ---------------

OS:
 Windows 11 , 64 bit Build 22621 (10.0.22621.1778)
OS uptime: 11 days 7:12 hours

CPU: total 8 (initial active 8) (4 cores per cpu, 2 threads per core) family 6 model 165 stepping 2 microcode 0xe0, cx8, cmov, fxsr, ht, mmx, 3dnowpref, sse, sse2, sse3, ssse3, sse4.1, sse4.2, popcnt, lzcnt, tsc, tscinvbit, avx, avx2, aes, erms, clmul, bmi1, bmi2, adx, fma, vzeroupper, clflush, clflushopt, rdtscp

Memory: 4k page, system-wide physical 8029M (793M free)
TotalPageFile size 32605M (AvailPageFile size 4M)
current process WorkingSet (physical memory assigned to process): 33M, peak: 33M
current process commit charge ("private bytes"): 205M, peak: 205M

vm_info: Java HotSpot(TM) 64-Bit Server VM (19.0.2+7-44) for windows-amd64 JRE (19.0.2+7-44), built on 2022-11-30T18:02:09Z by "mach5one" with MS VC++ 17.1 (VS2022)

END.
